{"/data/dev/aimermaid/src/extension/codelens.ts": {"path":"/data/dev/aimermaid/src/extension/codelens.ts","statementMap":{"0":{"start":{"line":11,"column":35},"end":{"line":11,"column":null}},"1":{"start":{"line":12,"column":42},"end":{"line":12,"column":null}},"2":{"start":{"line":15,"column":4},"end":{"line":15,"column":null}},"3":{"start":{"line":16,"column":42},"end":{"line":16,"column":null}},"4":{"start":{"line":17,"column":19},"end":{"line":17,"column":null}},"5":{"start":{"line":18,"column":4},"end":{"line":18,"column":null}},"6":{"start":{"line":20,"column":4},"end":{"line":28,"column":null}},"7":{"start":{"line":21,"column":20},"end":{"line":21,"column":null}},"8":{"start":{"line":22,"column":23},"end":{"line":26,"column":null}},"9":{"start":{"line":27,"column":6},"end":{"line":27,"column":null}},"10":{"start":{"line":30,"column":4},"end":{"line":30,"column":null}},"11":{"start":{"line":34,"column":35},"end":{"line":34,"column":null}},"12":{"start":{"line":35,"column":25},"end":{"line":35,"column":null}},"13":{"start":{"line":36,"column":21},"end":{"line":36,"column":null}},"14":{"start":{"line":37,"column":23},"end":{"line":37,"column":null}},"15":{"start":{"line":39,"column":4},"end":{"line":58,"column":null}},"16":{"start":{"line":39,"column":17},"end":{"line":39,"column":20}},"17":{"start":{"line":40,"column":19},"end":{"line":40,"column":null}},"18":{"start":{"line":42,"column":6},"end":{"line":57,"column":null}},"19":{"start":{"line":43,"column":8},"end":{"line":43,"column":null}},"20":{"start":{"line":44,"column":8},"end":{"line":44,"column":null}},"21":{"start":{"line":45,"column":8},"end":{"line":45,"column":null}},"22":{"start":{"line":46,"column":6},"end":{"line":57,"column":null}},"23":{"start":{"line":47,"column":8},"end":{"line":51,"column":null}},"24":{"start":{"line":52,"column":8},"end":{"line":52,"column":null}},"25":{"start":{"line":53,"column":8},"end":{"line":53,"column":null}},"26":{"start":{"line":54,"column":8},"end":{"line":54,"column":null}},"27":{"start":{"line":55,"column":6},"end":{"line":57,"column":null}},"28":{"start":{"line":56,"column":8},"end":{"line":56,"column":null}},"29":{"start":{"line":60,"column":4},"end":{"line":60,"column":null}}},"fnMap":{"0":{"name":"(anonymous_0)","decl":{"start":{"line":14,"column":9},"end":{"line":14,"column":27}},"loc":{"start":{"line":14,"column":77},"end":{"line":31,"column":null}},"line":14},"1":{"name":"(anonymous_1)","decl":{"start":{"line":33,"column":10},"end":{"line":33,"column":28}},"loc":{"start":{"line":33,"column":75},"end":{"line":61,"column":null}},"line":33}},"branchMap":{"0":{"loc":{"start":{"line":42,"column":6},"end":{"line":57,"column":null}},"type":"if","locations":[{"start":{"line":42,"column":6},"end":{"line":57,"column":null}},{"start":{"line":46,"column":6},"end":{"line":57,"column":null}}],"line":42},"1":{"loc":{"start":{"line":42,"column":10},"end":{"line":42,"column":61}},"type":"binary-expr","locations":[{"start":{"line":42,"column":10},"end":{"line":42,"column":29}},{"start":{"line":42,"column":29},"end":{"line":42,"column":61}}],"line":42},"2":{"loc":{"start":{"line":46,"column":6},"end":{"line":57,"column":null}},"type":"if","locations":[{"start":{"line":46,"column":6},"end":{"line":57,"column":null}},{"start":{"line":55,"column":6},"end":{"line":57,"column":null}}],"line":46},"3":{"loc":{"start":{"line":46,"column":17},"end":{"line":46,"column":65}},"type":"binary-expr","locations":[{"start":{"line":46,"column":17},"end":{"line":46,"column":35}},{"start":{"line":46,"column":35},"end":{"line":46,"column":65}}],"line":46},"4":{"loc":{"start":{"line":55,"column":6},"end":{"line":57,"column":null}},"type":"if","locations":[{"start":{"line":55,"column":6},"end":{"line":57,"column":null}},{"start":{},"end":{}}],"line":55}},"s":{"0":64,"1":64,"2":28,"3":28,"4":28,"5":28,"6":28,"7":29,"8":29,"9":29,"10":28,"11":28,"12":28,"13":28,"14":28,"15":28,"16":28,"17":164,"18":164,"19":31,"20":31,"21":31,"22":133,"23":29,"24":29,"25":29,"26":29,"27":104,"28":48,"29":28},"f":{"0":28,"1":28},"b":{"0":[31,133],"1":[164,87],"2":[29,104],"3":[133,77],"4":[48,56]},"meta":{"lastBranch":5,"lastFunction":2,"lastStatement":30,"seen":{"s:11:35:11:Infinity":0,"s:12:42:12:Infinity":1,"f:14:9:14:27":0,"s:15:4:15:Infinity":2,"s:16:42:16:Infinity":3,"s:17:19:17:Infinity":4,"s:18:4:18:Infinity":5,"s:20:4:28:Infinity":6,"s:21:20:21:Infinity":7,"s:22:23:26:Infinity":8,"s:27:6:27:Infinity":9,"s:30:4:30:Infinity":10,"f:33:10:33:28":1,"s:34:35:34:Infinity":11,"s:35:25:35:Infinity":12,"s:36:21:36:Infinity":13,"s:37:23:37:Infinity":14,"s:39:4:58:Infinity":15,"s:39:17:39:20":16,"s:40:19:40:Infinity":17,"b:42:6:57:Infinity:46:6:57:Infinity":0,"s:42:6:57:Infinity":18,"b:42:10:42:29:42:29:42:61":1,"s:43:8:43:Infinity":19,"s:44:8:44:Infinity":20,"s:45:8:45:Infinity":21,"b:46:6:57:Infinity:55:6:57:Infinity":2,"s:46:6:57:Infinity":22,"b:46:17:46:35:46:35:46:65":3,"s:47:8:51:Infinity":23,"s:52:8:52:Infinity":24,"s:53:8:53:Infinity":25,"s:54:8:54:Infinity":26,"b:55:6:57:Infinity:undefined:undefined:undefined:undefined":4,"s:55:6:57:Infinity":27,"s:56:8:56:Infinity":28,"s:60:4:60:Infinity":29}}}
,"/data/dev/aimermaid/src/extension/extension.ts": {"path":"/data/dev/aimermaid/src/extension/extension.ts","statementMap":{"0":{"start":{"line":7,"column":23},"end":{"line":7,"column":null}},"1":{"start":{"line":8,"column":19},"end":{"line":8,"column":null}},"2":{"start":{"line":9,"column":21},"end":{"line":9,"column":null}},"3":{"start":{"line":11,"column":2},"end":{"line":32,"column":null}},"4":{"start":{"line":11,"column":15},"end":{"line":11,"column":18}},"5":{"start":{"line":12,"column":17},"end":{"line":12,"column":null}},"6":{"start":{"line":14,"column":4},"end":{"line":31,"column":null}},"7":{"start":{"line":15,"column":6},"end":{"line":15,"column":null}},"8":{"start":{"line":16,"column":6},"end":{"line":16,"column":null}},"9":{"start":{"line":17,"column":6},"end":{"line":17,"column":null}},"10":{"start":{"line":18,"column":4},"end":{"line":31,"column":null}},"11":{"start":{"line":19,"column":6},"end":{"line":25,"column":null}},"12":{"start":{"line":20,"column":8},"end":{"line":24,"column":null}},"13":{"start":{"line":26,"column":6},"end":{"line":26,"column":null}},"14":{"start":{"line":27,"column":6},"end":{"line":27,"column":null}},"15":{"start":{"line":28,"column":6},"end":{"line":28,"column":null}},"16":{"start":{"line":29,"column":4},"end":{"line":31,"column":null}},"17":{"start":{"line":30,"column":6},"end":{"line":30,"column":null}},"18":{"start":{"line":34,"column":2},"end":{"line":34,"column":null}},"19":{"start":{"line":38,"column":2},"end":{"line":38,"column":null}},"20":{"start":{"line":40,"column":27},"end":{"line":40,"column":null}},"21":{"start":{"line":42,"column":2},"end":{"line":50,"column":null}},"22":{"start":{"line":52,"column":2},"end":{"line":52,"column":null}},"23":{"start":{"line":54,"column":2},"end":{"line":81,"column":null}},"24":{"start":{"line":58,"column":8},"end":{"line":58,"column":null}},"25":{"start":{"line":60,"column":8},"end":{"line":76,"column":null}},"26":{"start":{"line":61,"column":25},"end":{"line":61,"column":null}},"27":{"start":{"line":62,"column":10},"end":{"line":65,"column":null}},"28":{"start":{"line":63,"column":12},"end":{"line":63,"column":null}},"29":{"start":{"line":64,"column":12},"end":{"line":64,"column":null}},"30":{"start":{"line":67,"column":24},"end":{"line":67,"column":null}},"31":{"start":{"line":68,"column":10},"end":{"line":71,"column":null}},"32":{"start":{"line":69,"column":12},"end":{"line":69,"column":null}},"33":{"start":{"line":70,"column":12},"end":{"line":70,"column":null}},"34":{"start":{"line":73,"column":10},"end":{"line":73,"column":null}},"35":{"start":{"line":74,"column":10},"end":{"line":74,"column":null}},"36":{"start":{"line":75,"column":10},"end":{"line":75,"column":null}},"37":{"start":{"line":78,"column":8},"end":{"line":78,"column":null}},"38":{"start":{"line":83,"column":2},"end":{"line":100,"column":null}},"39":{"start":{"line":85,"column":21},"end":{"line":85,"column":null}},"40":{"start":{"line":86,"column":6},"end":{"line":86,"column":null}},"41":{"start":{"line":86,"column":19},"end":{"line":86,"column":null}},"42":{"start":{"line":88,"column":23},"end":{"line":88,"column":null}},"43":{"start":{"line":96,"column":6},"end":{"line":98,"column":null}},"44":{"start":{"line":97,"column":8},"end":{"line":97,"column":null}},"45":{"start":{"line":102,"column":2},"end":{"line":102,"column":null}}},"fnMap":{"0":{"name":"findMermaidBlockAtCursor","decl":{"start":{"line":6,"column":9},"end":{"line":6,"column":34}},"loc":{"start":{"line":6,"column":113},"end":{"line":35,"column":null}},"line":6},"1":{"name":"activate","decl":{"start":{"line":37,"column":16},"end":{"line":37,"column":25}},"loc":{"start":{"line":37,"column":59},"end":{"line":103,"column":null}},"line":37},"2":{"name":"(anonymous_2)","decl":{"start":{"line":57,"column":6},"end":{"line":57,"column":7}},"loc":{"start":{"line":57,"column":80},"end":{"line":79,"column":null}},"line":57},"3":{"name":"(anonymous_3)","decl":{"start":{"line":84,"column":63},"end":{"line":84,"column":75}},"loc":{"start":{"line":84,"column":75},"end":{"line":99,"column":5}},"line":84},"4":{"name":"(anonymous_4)","decl":{"start":{"line":96,"column":24},"end":{"line":96,"column":25}},"loc":{"start":{"line":96,"column":41},"end":{"line":98,"column":7}},"line":96},"5":{"name":"deactivate","decl":{"start":{"line":105,"column":16},"end":{"line":105,"column":29}},"loc":{"start":{"line":105,"column":29},"end":{"line":105,"column":null}},"line":105}},"branchMap":{"0":{"loc":{"start":{"line":14,"column":4},"end":{"line":31,"column":null}},"type":"if","locations":[{"start":{"line":14,"column":4},"end":{"line":31,"column":null}},{"start":{"line":18,"column":4},"end":{"line":31,"column":null}}],"line":14},"1":{"loc":{"start":{"line":14,"column":8},"end":{"line":14,"column":59}},"type":"binary-expr","locations":[{"start":{"line":14,"column":8},"end":{"line":14,"column":27}},{"start":{"line":14,"column":27},"end":{"line":14,"column":59}}],"line":14},"2":{"loc":{"start":{"line":18,"column":4},"end":{"line":31,"column":null}},"type":"if","locations":[{"start":{"line":18,"column":4},"end":{"line":31,"column":null}},{"start":{"line":29,"column":4},"end":{"line":31,"column":null}}],"line":18},"3":{"loc":{"start":{"line":18,"column":15},"end":{"line":18,"column":63}},"type":"binary-expr","locations":[{"start":{"line":18,"column":15},"end":{"line":18,"column":33}},{"start":{"line":18,"column":33},"end":{"line":18,"column":63}}],"line":18},"4":{"loc":{"start":{"line":19,"column":6},"end":{"line":25,"column":null}},"type":"if","locations":[{"start":{"line":19,"column":6},"end":{"line":25,"column":null}},{"start":{},"end":{}}],"line":19},"5":{"loc":{"start":{"line":19,"column":10},"end":{"line":19,"column":61}},"type":"binary-expr","locations":[{"start":{"line":19,"column":10},"end":{"line":19,"column":41}},{"start":{"line":19,"column":41},"end":{"line":19,"column":61}}],"line":19},"6":{"loc":{"start":{"line":29,"column":4},"end":{"line":31,"column":null}},"type":"if","locations":[{"start":{"line":29,"column":4},"end":{"line":31,"column":null}},{"start":{},"end":{}}],"line":29},"7":{"loc":{"start":{"line":60,"column":8},"end":{"line":76,"column":null}},"type":"if","locations":[{"start":{"line":60,"column":8},"end":{"line":76,"column":null}},{"start":{},"end":{}}],"line":60},"8":{"loc":{"start":{"line":60,"column":12},"end":{"line":60,"column":75}},"type":"binary-expr","locations":[{"start":{"line":60,"column":12},"end":{"line":60,"column":25}},{"start":{"line":60,"column":25},"end":{"line":60,"column":52}},{"start":{"line":60,"column":52},"end":{"line":60,"column":75}}],"line":60},"9":{"loc":{"start":{"line":62,"column":10},"end":{"line":65,"column":null}},"type":"if","locations":[{"start":{"line":62,"column":10},"end":{"line":65,"column":null}},{"start":{},"end":{}}],"line":62},"10":{"loc":{"start":{"line":68,"column":10},"end":{"line":71,"column":null}},"type":"if","locations":[{"start":{"line":68,"column":10},"end":{"line":71,"column":null}},{"start":{},"end":{}}],"line":68},"11":{"loc":{"start":{"line":86,"column":6},"end":{"line":86,"column":null}},"type":"if","locations":[{"start":{"line":86,"column":6},"end":{"line":86,"column":null}},{"start":{},"end":{}}],"line":86}},"s":{"0":12,"1":12,"2":12,"3":12,"4":12,"5":59,"6":59,"7":12,"8":12,"9":12,"10":47,"11":12,"12":10,"13":2,"14":2,"15":2,"16":35,"17":26,"18":2,"19":34,"20":34,"21":34,"22":34,"23":34,"24":15,"25":15,"26":13,"27":13,"28":1,"29":1,"30":12,"31":12,"32":2,"33":2,"34":10,"35":10,"36":10,"37":12,"38":34,"39":8,"40":8,"41":1,"42":7,"43":7,"44":7,"45":34},"f":{"0":12,"1":34,"2":15,"3":8,"4":7,"5":0},"b":{"0":[12,47],"1":[59,21],"2":[12,35],"3":[47,38],"4":[10,2],"5":[12,12],"6":[26,9],"7":[13,2],"8":[15,2,2],"9":[1,12],"10":[2,10],"11":[1,7]},"meta":{"lastBranch":12,"lastFunction":6,"lastStatement":46,"seen":{"f:6:9:6:34":0,"s:7:23:7:Infinity":0,"s:8:19:8:Infinity":1,"s:9:21:9:Infinity":2,"s:11:2:32:Infinity":3,"s:11:15:11:18":4,"s:12:17:12:Infinity":5,"b:14:4:31:Infinity:18:4:31:Infinity":0,"s:14:4:31:Infinity":6,"b:14:8:14:27:14:27:14:59":1,"s:15:6:15:Infinity":7,"s:16:6:16:Infinity":8,"s:17:6:17:Infinity":9,"b:18:4:31:Infinity:29:4:31:Infinity":2,"s:18:4:31:Infinity":10,"b:18:15:18:33:18:33:18:63":3,"b:19:6:25:Infinity:undefined:undefined:undefined:undefined":4,"s:19:6:25:Infinity":11,"b:19:10:19:41:19:41:19:61":5,"s:20:8:24:Infinity":12,"s:26:6:26:Infinity":13,"s:27:6:27:Infinity":14,"s:28:6:28:Infinity":15,"b:29:4:31:Infinity:undefined:undefined:undefined:undefined":6,"s:29:4:31:Infinity":16,"s:30:6:30:Infinity":17,"s:34:2:34:Infinity":18,"f:37:16:37:25":1,"s:38:2:38:Infinity":19,"s:40:27:40:Infinity":20,"s:42:2:50:Infinity":21,"s:52:2:52:Infinity":22,"s:54:2:81:Infinity":23,"f:57:6:57:7":2,"s:58:8:58:Infinity":24,"b:60:8:76:Infinity:undefined:undefined:undefined:undefined":7,"s:60:8:76:Infinity":25,"b:60:12:60:25:60:25:60:52:60:52:60:75":8,"s:61:25:61:Infinity":26,"b:62:10:65:Infinity:undefined:undefined:undefined:undefined":9,"s:62:10:65:Infinity":27,"s:63:12:63:Infinity":28,"s:64:12:64:Infinity":29,"s:67:24:67:Infinity":30,"b:68:10:71:Infinity:undefined:undefined:undefined:undefined":10,"s:68:10:71:Infinity":31,"s:69:12:69:Infinity":32,"s:70:12:70:Infinity":33,"s:73:10:73:Infinity":34,"s:74:10:74:Infinity":35,"s:75:10:75:Infinity":36,"s:78:8:78:Infinity":37,"s:83:2:100:Infinity":38,"f:84:63:84:75":3,"s:85:21:85:Infinity":39,"b:86:6:86:Infinity:undefined:undefined:undefined:undefined":11,"s:86:6:86:Infinity":40,"s:86:19:86:Infinity":41,"s:88:23:88:Infinity":42,"s:96:6:98:Infinity":43,"f:96:24:96:25":4,"s:97:8:97:Infinity":44,"s:102:2:102:Infinity":45,"f:105:16:105:29":5}}}
,"/data/dev/aimermaid/src/extension/webview.ts": {"path":"/data/dev/aimermaid/src/extension/webview.ts","statementMap":{"0":{"start":{"line":7,"column":37},"end":{"line":7,"column":null}},"1":{"start":{"line":14,"column":46},"end":{"line":14,"column":null}},"2":{"start":{"line":22,"column":19},"end":{"line":22,"column":null}},"3":{"start":{"line":24,"column":4},"end":{"line":26,"column":null}},"4":{"start":{"line":25,"column":6},"end":{"line":25,"column":null}},"5":{"start":{"line":28,"column":18},"end":{"line":39,"column":null}},"6":{"start":{"line":41,"column":4},"end":{"line":47,"column":null}},"7":{"start":{"line":57,"column":4},"end":{"line":57,"column":null}},"8":{"start":{"line":58,"column":4},"end":{"line":58,"column":null}},"9":{"start":{"line":59,"column":4},"end":{"line":59,"column":null}},"10":{"start":{"line":60,"column":4},"end":{"line":60,"column":null}},"11":{"start":{"line":61,"column":4},"end":{"line":61,"column":null}},"12":{"start":{"line":63,"column":4},"end":{"line":63,"column":null}},"13":{"start":{"line":65,"column":4},"end":{"line":65,"column":null}},"14":{"start":{"line":65,"column":35},"end":{"line":65,"column":51}},"15":{"start":{"line":67,"column":4},"end":{"line":71,"column":null}},"16":{"start":{"line":68,"column":35},"end":{"line":68,"column":null}},"17":{"start":{"line":75,"column":4},"end":{"line":85,"column":null}},"18":{"start":{"line":77,"column":8},"end":{"line":77,"column":null}},"19":{"start":{"line":78,"column":8},"end":{"line":78,"column":null}},"20":{"start":{"line":80,"column":8},"end":{"line":80,"column":null}},"21":{"start":{"line":81,"column":8},"end":{"line":81,"column":null}},"22":{"start":{"line":83,"column":8},"end":{"line":83,"column":null}},"23":{"start":{"line":84,"column":8},"end":{"line":84,"column":null}},"24":{"start":{"line":89,"column":24},"end":{"line":89,"column":null}},"25":{"start":{"line":91,"column":6},"end":{"line":93,"column":null}},"26":{"start":{"line":94,"column":10},"end":{"line":94,"column":null}},"27":{"start":{"line":96,"column":38},"end":{"line":99,"column":null}},"28":{"start":{"line":101,"column":4},"end":{"line":101,"column":null}},"29":{"start":{"line":105,"column":28},"end":{"line":105,"column":null}},"30":{"start":{"line":106,"column":4},"end":{"line":108,"column":null}},"31":{"start":{"line":106,"column":17},"end":{"line":106,"column":38}},"32":{"start":{"line":107,"column":6},"end":{"line":107,"column":null}},"33":{"start":{"line":109,"column":4},"end":{"line":109,"column":null}},"34":{"start":{"line":113,"column":17},"end":{"line":113,"column":null}},"35":{"start":{"line":114,"column":21},"end":{"line":114,"column":null}},"36":{"start":{"line":115,"column":19},"end":{"line":115,"column":null}},"37":{"start":{"line":116,"column":18},"end":{"line":116,"column":null}},"38":{"start":{"line":118,"column":21},"end":{"line":118,"column":null}},"39":{"start":{"line":119,"column":23},"end":{"line":119,"column":null}},"40":{"start":{"line":121,"column":4},"end":{"line":121,"column":null}},"41":{"start":{"line":122,"column":4},"end":{"line":122,"column":null}},"42":{"start":{"line":123,"column":4},"end":{"line":123,"column":null}},"43":{"start":{"line":125,"column":4},"end":{"line":125,"column":null}},"44":{"start":{"line":127,"column":4},"end":{"line":127,"column":null}},"45":{"start":{"line":131,"column":4},"end":{"line":131,"column":null}},"46":{"start":{"line":135,"column":20},"end":{"line":135,"column":null}},"47":{"start":{"line":136,"column":21},"end":{"line":136,"column":null}},"48":{"start":{"line":138,"column":22},"end":{"line":140,"column":null}},"49":{"start":{"line":142,"column":18},"end":{"line":142,"column":null}},"50":{"start":{"line":144,"column":4},"end":{"line":154,"column":null}},"51":{"start":{"line":160,"column":4},"end":{"line":160,"column":null}},"52":{"start":{"line":162,"column":4},"end":{"line":162,"column":null}},"53":{"start":{"line":164,"column":4},"end":{"line":169,"column":null}},"54":{"start":{"line":165,"column":25},"end":{"line":165,"column":null}},"55":{"start":{"line":166,"column":6},"end":{"line":168,"column":null}},"56":{"start":{"line":167,"column":8},"end":{"line":167,"column":null}},"57":{"start":{"line":174,"column":13},"end":{"line":174,"column":null}},"58":{"start":{"line":176,"column":4},"end":{"line":176,"column":null}},"59":{"start":{"line":177,"column":2},"end":{"line":179,"column":null}},"60":{"start":{"line":177,"column":15},"end":{"line":177,"column":18}},"61":{"start":{"line":178,"column":4},"end":{"line":178,"column":null}},"62":{"start":{"line":180,"column":2},"end":{"line":180,"column":null}}},"fnMap":{"0":{"name":"(anonymous_0)","decl":{"start":{"line":16,"column":16},"end":{"line":16,"column":null}},"loc":{"start":{"line":21,"column":4},"end":{"line":48,"column":null}},"line":21},"1":{"name":"(anonymous_1)","decl":{"start":{"line":50,"column":10},"end":{"line":50,"column":null}},"loc":{"start":{"line":56,"column":4},"end":{"line":72,"column":null}},"line":56},"2":{"name":"(anonymous_2)","decl":{"start":{"line":65,"column":29},"end":{"line":65,"column":35}},"loc":{"start":{"line":65,"column":35},"end":{"line":65,"column":51}},"line":65},"3":{"name":"(anonymous_3)","decl":{"start":{"line":68,"column":6},"end":{"line":68,"column":7}},"loc":{"start":{"line":68,"column":35},"end":{"line":68,"column":null}},"line":68},"4":{"name":"(anonymous_4)","decl":{"start":{"line":74,"column":16},"end":{"line":74,"column":31}},"loc":{"start":{"line":74,"column":56},"end":{"line":86,"column":null}},"line":74},"5":{"name":"(anonymous_5)","decl":{"start":{"line":88,"column":10},"end":{"line":88,"column":26}},"loc":{"start":{"line":88,"column":26},"end":{"line":102,"column":null}},"line":88},"6":{"name":"(anonymous_6)","decl":{"start":{"line":104,"column":10},"end":{"line":104,"column":39}},"loc":{"start":{"line":104,"column":39},"end":{"line":110,"column":null}},"line":104},"7":{"name":"(anonymous_7)","decl":{"start":{"line":112,"column":16},"end":{"line":112,"column":32}},"loc":{"start":{"line":112,"column":53},"end":{"line":128,"column":null}},"line":112},"8":{"name":"(anonymous_8)","decl":{"start":{"line":130,"column":10},"end":{"line":130,"column":20}},"loc":{"start":{"line":130,"column":20},"end":{"line":132,"column":null}},"line":130},"9":{"name":"(anonymous_9)","decl":{"start":{"line":134,"column":10},"end":{"line":134,"column":39}},"loc":{"start":{"line":134,"column":39},"end":{"line":157,"column":null}},"line":134},"10":{"name":"(anonymous_10)","decl":{"start":{"line":159,"column":9},"end":{"line":159,"column":19}},"loc":{"start":{"line":159,"column":19},"end":{"line":170,"column":null}},"line":159},"11":{"name":"getNonce","decl":{"start":{"line":173,"column":9},"end":{"line":173,"column":28}},"loc":{"start":{"line":173,"column":28},"end":{"line":181,"column":null}},"line":173}},"branchMap":{"0":{"loc":{"start":{"line":24,"column":4},"end":{"line":26,"column":null}},"type":"if","locations":[{"start":{"line":24,"column":4},"end":{"line":26,"column":null}},{"start":{},"end":{}}],"line":24},"1":{"loc":{"start":{"line":75,"column":4},"end":{"line":85,"column":null}},"type":"switch","locations":[{"start":{"line":76,"column":6},"end":{"line":78,"column":null}},{"start":{"line":79,"column":6},"end":{"line":81,"column":null}},{"start":{"line":82,"column":6},"end":{"line":84,"column":null}}],"line":75},"2":{"loc":{"start":{"line":91,"column":6},"end":{"line":93,"column":null}},"type":"cond-expr","locations":[{"start":{"line":92,"column":10},"end":{"line":92,"column":null}},{"start":{"line":93,"column":10},"end":{"line":93,"column":null}}],"line":91},"3":{"loc":{"start":{"line":166,"column":6},"end":{"line":168,"column":null}},"type":"if","locations":[{"start":{"line":166,"column":6},"end":{"line":168,"column":null}},{"start":{},"end":{}}],"line":166}},"s":{"0":1,"1":23,"2":23,"3":23,"4":0,"5":23,"6":23,"7":23,"8":23,"9":23,"10":23,"11":23,"12":23,"13":23,"14":0,"15":23,"16":18,"17":18,"18":9,"19":9,"20":6,"21":6,"22":2,"23":2,"24":9,"25":9,"26":9,"27":9,"28":9,"29":9,"30":9,"31":9,"32":27,"33":9,"34":6,"35":6,"36":6,"37":6,"38":6,"39":6,"40":6,"41":6,"42":6,"43":6,"44":6,"45":23,"46":23,"47":23,"48":23,"49":23,"50":23,"51":6,"52":6,"53":6,"54":0,"55":0,"56":0,"57":23,"58":23,"59":23,"60":23,"61":736,"62":23},"f":{"0":1,"1":23,"2":0,"3":18,"4":18,"5":9,"6":9,"7":6,"8":23,"9":23,"10":6,"11":23},"b":{"0":[0,23],"1":[9,6,2],"2":[1,8],"3":[0,0]},"meta":{"lastBranch":4,"lastFunction":12,"lastStatement":63,"seen":{"s:7:37:7:Infinity":0,"s:14:46:14:Infinity":1,"f:16:16:16:Infinity":0,"s:22:19:22:Infinity":2,"b:24:4:26:Infinity:undefined:undefined:undefined:undefined":0,"s:24:4:26:Infinity":3,"s:25:6:25:Infinity":4,"s:28:18:39:Infinity":5,"s:41:4:47:Infinity":6,"f:50:10:50:Infinity":1,"s:57:4:57:Infinity":7,"s:58:4:58:Infinity":8,"s:59:4:59:Infinity":9,"s:60:4:60:Infinity":10,"s:61:4:61:Infinity":11,"s:63:4:63:Infinity":12,"s:65:4:65:Infinity":13,"f:65:29:65:35":2,"s:65:35:65:51":14,"s:67:4:71:Infinity":15,"f:68:6:68:7":3,"s:68:35:68:Infinity":16,"f:74:16:74:31":4,"b:76:6:78:Infinity:79:6:81:Infinity:82:6:84:Infinity":1,"s:75:4:85:Infinity":17,"s:77:8:77:Infinity":18,"s:78:8:78:Infinity":19,"s:80:8:80:Infinity":20,"s:81:8:81:Infinity":21,"s:83:8:83:Infinity":22,"s:84:8:84:Infinity":23,"f:88:10:88:26":5,"s:89:24:89:Infinity":24,"s:91:6:93:Infinity":25,"b:92:10:92:Infinity:93:10:93:Infinity":2,"s:94:10:94:Infinity":26,"s:96:38:99:Infinity":27,"s:101:4:101:Infinity":28,"f:104:10:104:39":6,"s:105:28:105:Infinity":29,"s:106:4:108:Infinity":30,"s:106:17:106:38":31,"s:107:6:107:Infinity":32,"s:109:4:109:Infinity":33,"f:112:16:112:32":7,"s:113:17:113:Infinity":34,"s:114:21:114:Infinity":35,"s:115:19:115:Infinity":36,"s:116:18:116:Infinity":37,"s:118:21:118:Infinity":38,"s:119:23:119:Infinity":39,"s:121:4:121:Infinity":40,"s:122:4:122:Infinity":41,"s:123:4:123:Infinity":42,"s:125:4:125:Infinity":43,"s:127:4:127:Infinity":44,"f:130:10:130:20":8,"s:131:4:131:Infinity":45,"f:134:10:134:39":9,"s:135:20:135:Infinity":46,"s:136:21:136:Infinity":47,"s:138:22:140:Infinity":48,"s:142:18:142:Infinity":49,"s:144:4:154:Infinity":50,"f:159:9:159:19":10,"s:160:4:160:Infinity":51,"s:162:4:162:Infinity":52,"s:164:4:169:Infinity":53,"s:165:25:165:Infinity":54,"b:166:6:168:Infinity:undefined:undefined:undefined:undefined":3,"s:166:6:168:Infinity":55,"s:167:8:167:Infinity":56,"f:173:9:173:28":11,"s:174:13:174:Infinity":57,"s:176:4:176:Infinity":58,"s:177:2:179:Infinity":59,"s:177:15:177:18":60,"s:178:4:178:Infinity":61,"s:180:2:180:Infinity":62}}}
,"/data/dev/aimermaid/src/extension/utils/diagram-detector.ts": {"path":"/data/dev/aimermaid/src/extension/utils/diagram-detector.ts","statementMap":{"0":{"start":{"line":7,"column":20},"end":{"line":7,"column":null}},"1":{"start":{"line":9,"column":2},"end":{"line":9,"column":null}},"2":{"start":{"line":9,"column":47},"end":{"line":9,"column":null}},"3":{"start":{"line":10,"column":2},"end":{"line":10,"column":null}},"4":{"start":{"line":10,"column":74},"end":{"line":10,"column":null}},"5":{"start":{"line":11,"column":2},"end":{"line":11,"column":null}},"6":{"start":{"line":11,"column":44},"end":{"line":11,"column":null}},"7":{"start":{"line":12,"column":2},"end":{"line":12,"column":null}},"8":{"start":{"line":12,"column":44},"end":{"line":12,"column":null}},"9":{"start":{"line":13,"column":2},"end":{"line":13,"column":null}},"10":{"start":{"line":13,"column":41},"end":{"line":13,"column":null}},"11":{"start":{"line":15,"column":2},"end":{"line":15,"column":null}}},"fnMap":{"0":{"name":"detectDiagramType","decl":{"start":{"line":6,"column":16},"end":{"line":6,"column":34}},"loc":{"start":{"line":6,"column":61},"end":{"line":16,"column":null}},"line":6}},"branchMap":{"0":{"loc":{"start":{"line":9,"column":2},"end":{"line":9,"column":null}},"type":"if","locations":[{"start":{"line":9,"column":2},"end":{"line":9,"column":null}},{"start":{},"end":{}}],"line":9},"1":{"loc":{"start":{"line":10,"column":2},"end":{"line":10,"column":null}},"type":"if","locations":[{"start":{"line":10,"column":2},"end":{"line":10,"column":null}},{"start":{},"end":{}}],"line":10},"2":{"loc":{"start":{"line":10,"column":6},"end":{"line":10,"column":74}},"type":"binary-expr","locations":[{"start":{"line":10,"column":6},"end":{"line":10,"column":39}},{"start":{"line":10,"column":39},"end":{"line":10,"column":74}}],"line":10},"3":{"loc":{"start":{"line":11,"column":2},"end":{"line":11,"column":null}},"type":"if","locations":[{"start":{"line":11,"column":2},"end":{"line":11,"column":null}},{"start":{},"end":{}}],"line":11},"4":{"loc":{"start":{"line":12,"column":2},"end":{"line":12,"column":null}},"type":"if","locations":[{"start":{"line":12,"column":2},"end":{"line":12,"column":null}},{"start":{},"end":{}}],"line":12},"5":{"loc":{"start":{"line":13,"column":2},"end":{"line":13,"column":null}},"type":"if","locations":[{"start":{"line":13,"column":2},"end":{"line":13,"column":null}},{"start":{},"end":{}}],"line":13}},"s":{"0":19,"1":19,"2":4,"3":15,"4":7,"5":8,"6":2,"7":6,"8":2,"9":4,"10":1,"11":3},"f":{"0":19},"b":{"0":[4,15],"1":[7,8],"2":[15,11],"3":[2,6],"4":[2,4],"5":[1,3]},"meta":{"lastBranch":6,"lastFunction":1,"lastStatement":12,"seen":{"f:6:16:6:34":0,"s:7:20:7:Infinity":0,"b:9:2:9:Infinity:undefined:undefined:undefined:undefined":0,"s:9:2:9:Infinity":1,"s:9:47:9:Infinity":2,"b:10:2:10:Infinity:undefined:undefined:undefined:undefined":1,"s:10:2:10:Infinity":3,"b:10:6:10:39:10:39:10:74":2,"s:10:74:10:Infinity":4,"b:11:2:11:Infinity:undefined:undefined:undefined:undefined":3,"s:11:2:11:Infinity":5,"s:11:44:11:Infinity":6,"b:12:2:12:Infinity:undefined:undefined:undefined:undefined":4,"s:12:2:12:Infinity":7,"s:12:44:12:Infinity":8,"b:13:2:13:Infinity:undefined:undefined:undefined:undefined":5,"s:13:2:13:Infinity":9,"s:13:41:13:Infinity":10,"s:15:2:15:Infinity":11}}}
,"/data/dev/aimermaid/src/shared/constants.ts": {"path":"/data/dev/aimermaid/src/shared/constants.ts","statementMap":{"0":{"start":{"line":1,"column":35},"end":{"line":1,"column":null}},"1":{"start":{"line":2,"column":33},"end":{"line":2,"column":null}},"2":{"start":{"line":3,"column":38},"end":{"line":3,"column":null}},"3":{"start":{"line":5,"column":60},"end":{"line":12,"column":null}},"4":{"start":{"line":14,"column":62},"end":{"line":23,"column":null}}},"fnMap":{},"branchMap":{},"s":{"0":10,"1":10,"2":10,"3":10,"4":10},"f":{},"b":{},"meta":{"lastBranch":0,"lastFunction":0,"lastStatement":5,"seen":{"s:1:35:1:Infinity":0,"s:2:33:2:Infinity":1,"s:3:38:3:Infinity":2,"s:5:60:12:Infinity":3,"s:14:62:23:Infinity":4}}}
,"/data/dev/aimermaid/src/webview/components/Canvas/Canvas.tsx": {"path":"/data/dev/aimermaid/src/webview/components/Canvas/Canvas.tsx","statementMap":{"0":{"start":{"line":20,"column":18},"end":{"line":25,"column":null}},"1":{"start":{"line":27,"column":18},"end":{"line":29,"column":null}},"2":{"start":{"line":31,"column":79},"end":{"line":38,"column":null}},"3":{"start":{"line":40,"column":25},"end":{"line":201,"column":null}},"4":{"start":{"line":54,"column":2},"end":{"line":54,"column":null}},"5":{"start":{"line":56,"column":40},"end":{"line":56,"column":null}},"6":{"start":{"line":57,"column":38},"end":{"line":57,"column":null}},"7":{"start":{"line":58,"column":36},"end":{"line":58,"column":null}},"8":{"start":{"line":60,"column":8},"end":{"line":67,"column":null}},"9":{"start":{"line":62,"column":12},"end":{"line":62,"column":null}},"10":{"start":{"line":63,"column":12},"end":{"line":63,"column":null}},"11":{"start":{"line":64,"column":6},"end":{"line":64,"column":null}},"12":{"start":{"line":69,"column":8},"end":{"line":82,"column":null}},"13":{"start":{"line":71,"column":22},"end":{"line":71,"column":null}},"14":{"start":{"line":71,"column":47},"end":{"line":71,"column":51}},"15":{"start":{"line":72,"column":6},"end":{"line":72,"column":null}},"16":{"start":{"line":74,"column":6},"end":{"line":79,"column":null}},"17":{"start":{"line":75,"column":8},"end":{"line":75,"column":null}},"18":{"start":{"line":76,"column":8},"end":{"line":76,"column":null}},"19":{"start":{"line":78,"column":8},"end":{"line":78,"column":null}},"20":{"start":{"line":84,"column":8},"end":{"line":93,"column":null}},"21":{"start":{"line":86,"column":6},"end":{"line":90,"column":null}},"22":{"start":{"line":87,"column":8},"end":{"line":87,"column":null}},"23":{"start":{"line":88,"column":8},"end":{"line":88,"column":null}},"24":{"start":{"line":89,"column":8},"end":{"line":89,"column":null}},"25":{"start":{"line":95,"column":8},"end":{"line":107,"column":null}},"26":{"start":{"line":97,"column":6},"end":{"line":97,"column":null}},"27":{"start":{"line":98,"column":6},"end":{"line":98,"column":null}},"28":{"start":{"line":98,"column":36},"end":{"line":98,"column":null}},"29":{"start":{"line":99,"column":6},"end":{"line":104,"column":null}},"30":{"start":{"line":109,"column":8},"end":{"line":114,"column":null}},"31":{"start":{"line":110,"column":11},"end":{"line":112,"column":null}},"32":{"start":{"line":116,"column":2},"end":{"line":199,"column":null}},"33":{"start":{"line":125,"column":34},"end":{"line":125,"column":null}},"34":{"start":{"line":127,"column":34},"end":{"line":127,"column":null}},"35":{"start":{"line":129,"column":10},"end":{"line":129,"column":null}},"36":{"start":{"line":130,"column":10},"end":{"line":130,"column":null}},"37":{"start":{"line":131,"column":10},"end":{"line":131,"column":null}},"38":{"start":{"line":132,"column":10},"end":{"line":132,"column":null}},"39":{"start":{"line":133,"column":10},"end":{"line":133,"column":null}},"40":{"start":{"line":168,"column":14},"end":{"line":175,"column":null}},"41":{"start":{"line":170,"column":31},"end":{"line":170,"column":null}},"42":{"start":{"line":180,"column":14},"end":{"line":180,"column":null}},"43":{"start":{"line":181,"column":14},"end":{"line":181,"column":null}},"44":{"start":{"line":196,"column":25},"end":{"line":196,"column":null}}},"fnMap":{"0":{"name":"(anonymous_0)","decl":{"start":{"line":40,"column":25},"end":{"line":40,"column":31}},"loc":{"start":{"line":40,"column":31},"end":{"line":201,"column":null}},"line":40},"1":{"name":"(anonymous_1)","decl":{"start":{"line":61,"column":4},"end":{"line":61,"column":5}},"loc":{"start":{"line":61,"column":41},"end":{"line":65,"column":null}},"line":61},"2":{"name":"(anonymous_2)","decl":{"start":{"line":70,"column":4},"end":{"line":70,"column":5}},"loc":{"start":{"line":70,"column":59},"end":{"line":80,"column":null}},"line":70},"3":{"name":"(anonymous_3)","decl":{"start":{"line":71,"column":40},"end":{"line":71,"column":41}},"loc":{"start":{"line":71,"column":47},"end":{"line":71,"column":51}},"line":71},"4":{"name":"(anonymous_4)","decl":{"start":{"line":85,"column":4},"end":{"line":85,"column":5}},"loc":{"start":{"line":85,"column":25},"end":{"line":91,"column":null}},"line":85},"5":{"name":"(anonymous_5)","decl":{"start":{"line":96,"column":4},"end":{"line":96,"column":5}},"loc":{"start":{"line":96,"column":45},"end":{"line":105,"column":null}},"line":96},"6":{"name":"(anonymous_6)","decl":{"start":{"line":110,"column":4},"end":{"line":110,"column":11}},"loc":{"start":{"line":110,"column":11},"end":{"line":112,"column":null}},"line":110},"7":{"name":"(anonymous_7)","decl":{"start":{"line":125,"column":21},"end":{"line":125,"column":22}},"loc":{"start":{"line":125,"column":34},"end":{"line":125,"column":null}},"line":125},"8":{"name":"(anonymous_8)","decl":{"start":{"line":127,"column":21},"end":{"line":127,"column":22}},"loc":{"start":{"line":127,"column":34},"end":{"line":127,"column":null}},"line":127},"9":{"name":"(anonymous_9)","decl":{"start":{"line":128,"column":21},"end":{"line":128,"column":27}},"loc":{"start":{"line":128,"column":27},"end":{"line":134,"column":null}},"line":128},"10":{"name":"(anonymous_10)","decl":{"start":{"line":167,"column":34},"end":{"line":167,"column":35}},"loc":{"start":{"line":168,"column":14},"end":{"line":175,"column":null}},"line":168},"11":{"name":"(anonymous_11)","decl":{"start":{"line":170,"column":25},"end":{"line":170,"column":31}},"loc":{"start":{"line":170,"column":31},"end":{"line":170,"column":null}},"line":170},"12":{"name":"(anonymous_12)","decl":{"start":{"line":179,"column":21},"end":{"line":179,"column":27}},"loc":{"start":{"line":179,"column":27},"end":{"line":182,"column":null}},"line":179},"13":{"name":"(anonymous_13)","decl":{"start":{"line":196,"column":19},"end":{"line":196,"column":25}},"loc":{"start":{"line":196,"column":25},"end":{"line":196,"column":null}},"line":196}},"branchMap":{"0":{"loc":{"start":{"line":62,"column":12},"end":{"line":62,"column":null}},"type":"binary-expr","locations":[{"start":{"line":62,"column":21},"end":{"line":62,"column":105}},{"start":{"line":62,"column":105},"end":{"line":62,"column":null}}],"line":62},"1":{"loc":{"start":{"line":62,"column":21},"end":{"line":62,"column":105}},"type":"cond-expr","locations":[{"start":{"line":62,"column":61},"end":{"line":62,"column":80}},{"start":{"line":62,"column":80},"end":{"line":62,"column":105}}],"line":62},"2":{"loc":{"start":{"line":63,"column":12},"end":{"line":63,"column":null}},"type":"binary-expr","locations":[{"start":{"line":63,"column":22},"end":{"line":63,"column":109}},{"start":{"line":63,"column":109},"end":{"line":63,"column":null}}],"line":63},"3":{"loc":{"start":{"line":63,"column":22},"end":{"line":63,"column":109}},"type":"cond-expr","locations":[{"start":{"line":63,"column":63},"end":{"line":63,"column":83}},{"start":{"line":63,"column":83},"end":{"line":63,"column":109}}],"line":63},"4":{"loc":{"start":{"line":74,"column":6},"end":{"line":79,"column":null}},"type":"if","locations":[{"start":{"line":74,"column":6},"end":{"line":79,"column":null}},{"start":{"line":77,"column":13},"end":{"line":79,"column":null}}],"line":74},"5":{"loc":{"start":{"line":86,"column":6},"end":{"line":90,"column":null}},"type":"if","locations":[{"start":{"line":86,"column":6},"end":{"line":90,"column":null}},{"start":{},"end":{}}],"line":86},"6":{"loc":{"start":{"line":98,"column":6},"end":{"line":98,"column":null}},"type":"if","locations":[{"start":{"line":98,"column":6},"end":{"line":98,"column":null}},{"start":{},"end":{}}],"line":98},"7":{"loc":{"start":{"line":103,"column":18},"end":{"line":103,"column":null}},"type":"binary-expr","locations":[{"start":{"line":103,"column":18},"end":{"line":103,"column":31}},{"start":{"line":103,"column":31},"end":{"line":103,"column":null}}],"line":103},"8":{"loc":{"start":{"line":158,"column":7},"end":{"line":187,"column":null}},"type":"binary-expr","locations":[{"start":{"line":158,"column":7},"end":{"line":158,"column":24}},{"start":{"line":158,"column":24},"end":{"line":158,"column":null}},{"start":{"line":159,"column":8},"end":{"line":187,"column":null}}],"line":158},"9":{"loc":{"start":{"line":190,"column":7},"end":{"line":197,"column":null}},"type":"binary-expr","locations":[{"start":{"line":190,"column":7},"end":{"line":190,"column":null}},{"start":{"line":191,"column":8},"end":{"line":197,"column":null}}],"line":190}},"s":{"0":1,"1":1,"2":1,"3":1,"4":22,"5":22,"6":22,"7":22,"8":22,"9":0,"10":0,"11":0,"12":22,"13":0,"14":0,"15":0,"16":0,"17":0,"18":0,"19":0,"20":22,"21":0,"22":0,"23":0,"24":0,"25":22,"26":3,"27":3,"28":1,"29":2,"30":22,"31":18,"32":22,"33":1,"34":1,"35":1,"36":1,"37":1,"38":1,"39":1,"40":0,"41":0,"42":0,"43":0,"44":1},"f":{"0":22,"1":0,"2":0,"3":0,"4":0,"5":3,"6":18,"7":1,"8":1,"9":1,"10":0,"11":0,"12":0,"13":1},"b":{"0":[0,0],"1":[0,0],"2":[0,0],"3":[0,0],"4":[0,0],"5":[0,0],"6":[1,2],"7":[2,0],"8":[22,0,0],"9":[22,2]},"meta":{"lastBranch":10,"lastFunction":14,"lastStatement":45,"seen":{"s:20:18:25:Infinity":0,"s:27:18:29:Infinity":1,"s:31:79:38:Infinity":2,"s:40:25:201:Infinity":3,"f:40:25:40:31":0,"s:54:2:54:Infinity":4,"s:56:40:56:Infinity":5,"s:57:38:57:Infinity":6,"s:58:36:58:Infinity":7,"s:60:8:67:Infinity":8,"f:61:4:61:5":1,"s:62:12:62:Infinity":9,"b:62:21:62:105:62:105:62:Infinity":0,"b:62:61:62:80:62:80:62:105":1,"s:63:12:63:Infinity":10,"b:63:22:63:109:63:109:63:Infinity":2,"b:63:63:63:83:63:83:63:109":3,"s:64:6:64:Infinity":11,"s:69:8:82:Infinity":12,"f:70:4:70:5":2,"s:71:22:71:Infinity":13,"f:71:40:71:41":3,"s:71:47:71:51":14,"s:72:6:72:Infinity":15,"b:74:6:79:Infinity:77:13:79:Infinity":4,"s:74:6:79:Infinity":16,"s:75:8:75:Infinity":17,"s:76:8:76:Infinity":18,"s:78:8:78:Infinity":19,"s:84:8:93:Infinity":20,"f:85:4:85:5":4,"b:86:6:90:Infinity:undefined:undefined:undefined:undefined":5,"s:86:6:90:Infinity":21,"s:87:8:87:Infinity":22,"s:88:8:88:Infinity":23,"s:89:8:89:Infinity":24,"s:95:8:107:Infinity":25,"f:96:4:96:5":5,"s:97:6:97:Infinity":26,"b:98:6:98:Infinity:undefined:undefined:undefined:undefined":6,"s:98:6:98:Infinity":27,"s:98:36:98:Infinity":28,"s:99:6:104:Infinity":29,"b:103:18:103:31:103:31:103:Infinity":7,"s:109:8:114:Infinity":30,"f:110:4:110:11":6,"s:110:11:112:Infinity":31,"s:116:2:199:Infinity":32,"f:125:21:125:22":7,"s:125:34:125:Infinity":33,"f:127:21:127:22":8,"s:127:34:127:Infinity":34,"f:128:21:128:27":9,"s:129:10:129:Infinity":35,"s:130:10:130:Infinity":36,"s:131:10:131:Infinity":37,"s:132:10:132:Infinity":38,"s:133:10:133:Infinity":39,"b:158:7:158:24:158:24:158:Infinity:159:8:187:Infinity":8,"f:167:34:167:35":10,"s:168:14:175:Infinity":40,"f:170:25:170:31":11,"s:170:31:170:Infinity":41,"f:179:21:179:27":12,"s:180:14:180:Infinity":42,"s:181:14:181:Infinity":43,"b:190:7:190:Infinity:191:8:197:Infinity":9,"f:196:19:196:25":13,"s:196:25:196:Infinity":44}}}
,"/data/dev/aimermaid/src/webview/components/ContextMenu/ContextMenu.tsx": {"path":"/data/dev/aimermaid/src/webview/components/ContextMenu/ContextMenu.tsx","statementMap":{"0":{"start":{"line":13,"column":48},"end":{"line":85,"column":null}},"1":{"start":{"line":14,"column":8},"end":{"line":14,"column":null}},"2":{"start":{"line":15,"column":68},"end":{"line":15,"column":null}},"3":{"start":{"line":17,"column":2},"end":{"line":25,"column":null}},"4":{"start":{"line":18,"column":31},"end":{"line":22,"column":null}},"5":{"start":{"line":19,"column":6},"end":{"line":21,"column":null}},"6":{"start":{"line":20,"column":8},"end":{"line":20,"column":null}},"7":{"start":{"line":23,"column":4},"end":{"line":23,"column":null}},"8":{"start":{"line":24,"column":4},"end":{"line":24,"column":null}},"9":{"start":{"line":24,"column":17},"end":{"line":24,"column":null}},"10":{"start":{"line":27,"column":29},"end":{"line":30,"column":null}},"11":{"start":{"line":28,"column":4},"end":{"line":28,"column":null}},"12":{"start":{"line":29,"column":4},"end":{"line":29,"column":null}},"13":{"start":{"line":32,"column":27},"end":{"line":35,"column":null}},"14":{"start":{"line":33,"column":4},"end":{"line":33,"column":null}},"15":{"start":{"line":34,"column":4},"end":{"line":34,"column":null}},"16":{"start":{"line":37,"column":23},"end":{"line":41,"column":null}},"17":{"start":{"line":38,"column":4},"end":{"line":38,"column":null}},"18":{"start":{"line":39,"column":4},"end":{"line":39,"column":null}},"19":{"start":{"line":39,"column":21},"end":{"line":39,"column":39}},"20":{"start":{"line":40,"column":4},"end":{"line":40,"column":null}},"21":{"start":{"line":43,"column":26},"end":{"line":50,"column":null}},"22":{"start":{"line":44,"column":4},"end":{"line":49,"column":null}},"23":{"start":{"line":45,"column":26},"end":{"line":45,"column":null}},"24":{"start":{"line":46,"column":19},"end":{"line":46,"column":null}},"25":{"start":{"line":47,"column":20},"end":{"line":47,"column":null}},"26":{"start":{"line":48,"column":15},"end":{"line":48,"column":null}},"27":{"start":{"line":52,"column":2},"end":{"line":83,"column":null}}},"fnMap":{"0":{"name":"(anonymous_0)","decl":{"start":{"line":13,"column":48},"end":{"line":13,"column":49}},"loc":{"start":{"line":13,"column":89},"end":{"line":85,"column":null}},"line":13},"1":{"name":"(anonymous_1)","decl":{"start":{"line":17,"column":12},"end":{"line":17,"column":18}},"loc":{"start":{"line":17,"column":18},"end":{"line":25,"column":5}},"line":17},"2":{"name":"(anonymous_2)","decl":{"start":{"line":18,"column":31},"end":{"line":18,"column":32}},"loc":{"start":{"line":18,"column":50},"end":{"line":22,"column":null}},"line":18},"3":{"name":"(anonymous_3)","decl":{"start":{"line":24,"column":11},"end":{"line":24,"column":17}},"loc":{"start":{"line":24,"column":17},"end":{"line":24,"column":null}},"line":24},"4":{"name":"(anonymous_4)","decl":{"start":{"line":27,"column":29},"end":{"line":27,"column":35}},"loc":{"start":{"line":27,"column":35},"end":{"line":30,"column":null}},"line":27},"5":{"name":"(anonymous_5)","decl":{"start":{"line":32,"column":27},"end":{"line":32,"column":33}},"loc":{"start":{"line":32,"column":33},"end":{"line":35,"column":null}},"line":32},"6":{"name":"(anonymous_6)","decl":{"start":{"line":37,"column":23},"end":{"line":37,"column":29}},"loc":{"start":{"line":37,"column":29},"end":{"line":41,"column":null}},"line":37},"7":{"name":"(anonymous_7)","decl":{"start":{"line":39,"column":15},"end":{"line":39,"column":21}},"loc":{"start":{"line":39,"column":21},"end":{"line":39,"column":39}},"line":39},"8":{"name":"(anonymous_8)","decl":{"start":{"line":43,"column":26},"end":{"line":43,"column":32}},"loc":{"start":{"line":43,"column":32},"end":{"line":50,"column":null}},"line":43}},"branchMap":{"0":{"loc":{"start":{"line":19,"column":6},"end":{"line":21,"column":null}},"type":"if","locations":[{"start":{"line":19,"column":6},"end":{"line":21,"column":null}},{"start":{},"end":{}}],"line":19},"1":{"loc":{"start":{"line":19,"column":10},"end":{"line":19,"column":74}},"type":"binary-expr","locations":[{"start":{"line":19,"column":10},"end":{"line":19,"column":29}},{"start":{"line":19,"column":29},"end":{"line":19,"column":74}}],"line":19},"2":{"loc":{"start":{"line":44,"column":4},"end":{"line":49,"column":null}},"type":"switch","locations":[{"start":{"line":45,"column":6},"end":{"line":45,"column":null}},{"start":{"line":46,"column":6},"end":{"line":46,"column":null}},{"start":{"line":47,"column":6},"end":{"line":47,"column":null}},{"start":{"line":48,"column":6},"end":{"line":48,"column":null}}],"line":44}},"s":{"0":1,"1":18,"2":18,"3":18,"4":18,"5":6,"6":1,"7":18,"8":18,"9":18,"10":18,"11":2,"12":2,"13":18,"14":2,"15":2,"16":18,"17":1,"18":1,"19":1,"20":1,"21":18,"22":18,"23":12,"24":3,"25":2,"26":1,"27":18},"f":{"0":18,"1":18,"2":6,"3":18,"4":2,"5":2,"6":1,"7":1,"8":18},"b":{"0":[1,5],"1":[6,6],"2":[12,3,2,1]},"meta":{"lastBranch":3,"lastFunction":9,"lastStatement":28,"seen":{"s:13:48:85:Infinity":0,"f:13:48:13:49":0,"s:14:8:14:Infinity":1,"s:15:68:15:Infinity":2,"s:17:2:25:Infinity":3,"f:17:12:17:18":1,"s:18:31:22:Infinity":4,"f:18:31:18:32":2,"b:19:6:21:Infinity:undefined:undefined:undefined:undefined":0,"s:19:6:21:Infinity":5,"b:19:10:19:29:19:29:19:74":1,"s:20:8:20:Infinity":6,"s:23:4:23:Infinity":7,"s:24:4:24:Infinity":8,"f:24:11:24:17":3,"s:24:17:24:Infinity":9,"s:27:29:30:Infinity":10,"f:27:29:27:35":4,"s:28:4:28:Infinity":11,"s:29:4:29:Infinity":12,"s:32:27:35:Infinity":13,"f:32:27:32:33":5,"s:33:4:33:Infinity":14,"s:34:4:34:Infinity":15,"s:37:23:41:Infinity":16,"f:37:23:37:29":6,"s:38:4:38:Infinity":17,"s:39:4:39:Infinity":18,"f:39:15:39:21":7,"s:39:21:39:39":19,"s:40:4:40:Infinity":20,"s:43:26:50:Infinity":21,"f:43:26:43:32":8,"b:45:6:45:Infinity:46:6:46:Infinity:47:6:47:Infinity:48:6:48:Infinity":2,"s:44:4:49:Infinity":22,"s:45:26:45:Infinity":23,"s:46:19:46:Infinity":24,"s:47:20:47:Infinity":25,"s:48:15:48:Infinity":26,"s:52:2:83:Infinity":27}}}
,"/data/dev/aimermaid/src/webview/components/PropertyPanel/PropertyPanel.tsx": {"path":"/data/dev/aimermaid/src/webview/components/PropertyPanel/PropertyPanel.tsx","statementMap":{"0":{"start":{"line":6,"column":62},"end":{"line":13,"column":null}},"1":{"start":{"line":15,"column":58},"end":{"line":22,"column":null}},"2":{"start":{"line":24,"column":32},"end":{"line":358,"column":null}},"3":{"start":{"line":39,"column":2},"end":{"line":39,"column":null}},"4":{"start":{"line":41,"column":30},"end":{"line":43,"column":null}},"5":{"start":{"line":42,"column":39},"end":{"line":42,"column":62}},"6":{"start":{"line":45,"column":23},"end":{"line":47,"column":null}},"7":{"start":{"line":46,"column":32},"end":{"line":46,"column":55}},"8":{"start":{"line":49,"column":24},"end":{"line":51,"column":null}},"9":{"start":{"line":50,"column":33},"end":{"line":50,"column":56}},"10":{"start":{"line":53,"column":26},"end":{"line":55,"column":null}},"11":{"start":{"line":54,"column":35},"end":{"line":54,"column":58}},"12":{"start":{"line":57,"column":2},"end":{"line":63,"column":null}},"13":{"start":{"line":58,"column":4},"end":{"line":61,"column":null}},"14":{"start":{"line":65,"column":2},"end":{"line":124,"column":null}},"15":{"start":{"line":66,"column":4},"end":{"line":122,"column":null}},"16":{"start":{"line":71,"column":27},"end":{"line":71,"column":null}},"17":{"start":{"line":85,"column":16},"end":{"line":85,"column":null}},"18":{"start":{"line":97,"column":16},"end":{"line":99,"column":null}},"19":{"start":{"line":111,"column":16},"end":{"line":113,"column":null}},"20":{"start":{"line":126,"column":2},"end":{"line":178,"column":null}},"21":{"start":{"line":127,"column":4},"end":{"line":176,"column":null}},"22":{"start":{"line":132,"column":27},"end":{"line":132,"column":null}},"23":{"start":{"line":145,"column":16},"end":{"line":145,"column":null}},"24":{"start":{"line":157,"column":16},"end":{"line":157,"column":null}},"25":{"start":{"line":171,"column":29},"end":{"line":171,"column":86}},"26":{"start":{"line":171,"column":62},"end":{"line":171,"column":73}},"27":{"start":{"line":180,"column":2},"end":{"line":244,"column":null}},"28":{"start":{"line":181,"column":4},"end":{"line":242,"column":null}},"29":{"start":{"line":186,"column":27},"end":{"line":186,"column":null}},"30":{"start":{"line":199,"column":16},"end":{"line":199,"column":null}},"31":{"start":{"line":204,"column":16},"end":{"line":206,"column":null}},"32":{"start":{"line":217,"column":16},"end":{"line":217,"column":null}},"33":{"start":{"line":231,"column":30},"end":{"line":231,"column":null}},"34":{"start":{"line":231,"column":59},"end":{"line":231,"column":73}},"35":{"start":{"line":232,"column":18},"end":{"line":236,"column":null}},"36":{"start":{"line":246,"column":2},"end":{"line":355,"column":null}},"37":{"start":{"line":247,"column":28},"end":{"line":247,"column":null}},"38":{"start":{"line":247,"column":61},"end":{"line":247,"column":90}},"39":{"start":{"line":248,"column":26},"end":{"line":248,"column":null}},"40":{"start":{"line":248,"column":59},"end":{"line":248,"column":86}},"41":{"start":{"line":249,"column":27},"end":{"line":249,"column":null}},"42":{"start":{"line":249,"column":64},"end":{"line":249,"column":81}},"43":{"start":{"line":250,"column":25},"end":{"line":250,"column":null}},"44":{"start":{"line":250,"column":55},"end":{"line":250,"column":82}},"45":{"start":{"line":251,"column":20},"end":{"line":251,"column":null}},"46":{"start":{"line":252,"column":19},"end":{"line":252,"column":null}},"47":{"start":{"line":254,"column":4},"end":{"line":353,"column":null}},"48":{"start":{"line":260,"column":29},"end":{"line":260,"column":null}},"49":{"start":{"line":268,"column":29},"end":{"line":268,"column":null}},"50":{"start":{"line":276,"column":29},"end":{"line":276,"column":null}},"51":{"start":{"line":291,"column":16},"end":{"line":291,"column":null}},"52":{"start":{"line":302,"column":16},"end":{"line":302,"column":null}},"53":{"start":{"line":307,"column":16},"end":{"line":309,"column":null}},"54":{"start":{"line":322,"column":20},"end":{"line":325,"column":null}},"55":{"start":{"line":336,"column":20},"end":{"line":339,"column":null}},"56":{"start":{"line":357,"column":2},"end":{"line":357,"column":null}}},"fnMap":{"0":{"name":"(anonymous_0)","decl":{"start":{"line":24,"column":32},"end":{"line":24,"column":38}},"loc":{"start":{"line":24,"column":38},"end":{"line":358,"column":null}},"line":24},"1":{"name":"(anonymous_1)","decl":{"start":{"line":42,"column":32},"end":{"line":42,"column":33}},"loc":{"start":{"line":42,"column":39},"end":{"line":42,"column":62}},"line":42},"2":{"name":"(anonymous_2)","decl":{"start":{"line":46,"column":25},"end":{"line":46,"column":26}},"loc":{"start":{"line":46,"column":32},"end":{"line":46,"column":55}},"line":46},"3":{"name":"(anonymous_3)","decl":{"start":{"line":50,"column":26},"end":{"line":50,"column":27}},"loc":{"start":{"line":50,"column":33},"end":{"line":50,"column":56}},"line":50},"4":{"name":"(anonymous_4)","decl":{"start":{"line":54,"column":28},"end":{"line":54,"column":29}},"loc":{"start":{"line":54,"column":35},"end":{"line":54,"column":58}},"line":54},"5":{"name":"(anonymous_5)","decl":{"start":{"line":71,"column":21},"end":{"line":71,"column":27}},"loc":{"start":{"line":71,"column":27},"end":{"line":71,"column":null}},"line":71},"6":{"name":"(anonymous_6)","decl":{"start":{"line":84,"column":24},"end":{"line":84,"column":25}},"loc":{"start":{"line":85,"column":16},"end":{"line":85,"column":null}},"line":85},"7":{"name":"(anonymous_7)","decl":{"start":{"line":96,"column":24},"end":{"line":96,"column":25}},"loc":{"start":{"line":97,"column":16},"end":{"line":99,"column":null}},"line":97},"8":{"name":"(anonymous_8)","decl":{"start":{"line":110,"column":24},"end":{"line":110,"column":25}},"loc":{"start":{"line":111,"column":16},"end":{"line":113,"column":null}},"line":111},"9":{"name":"(anonymous_9)","decl":{"start":{"line":132,"column":21},"end":{"line":132,"column":27}},"loc":{"start":{"line":132,"column":27},"end":{"line":132,"column":null}},"line":132},"10":{"name":"(anonymous_10)","decl":{"start":{"line":144,"column":24},"end":{"line":144,"column":25}},"loc":{"start":{"line":145,"column":16},"end":{"line":145,"column":null}},"line":145},"11":{"name":"(anonymous_11)","decl":{"start":{"line":156,"column":24},"end":{"line":156,"column":25}},"loc":{"start":{"line":157,"column":16},"end":{"line":157,"column":null}},"line":157},"12":{"name":"(anonymous_12)","decl":{"start":{"line":171,"column":21},"end":{"line":171,"column":22}},"loc":{"start":{"line":171,"column":29},"end":{"line":171,"column":86}},"line":171},"13":{"name":"(anonymous_13)","decl":{"start":{"line":171,"column":55},"end":{"line":171,"column":56}},"loc":{"start":{"line":171,"column":62},"end":{"line":171,"column":73}},"line":171},"14":{"name":"(anonymous_14)","decl":{"start":{"line":186,"column":21},"end":{"line":186,"column":27}},"loc":{"start":{"line":186,"column":27},"end":{"line":186,"column":null}},"line":186},"15":{"name":"(anonymous_15)","decl":{"start":{"line":198,"column":24},"end":{"line":198,"column":25}},"loc":{"start":{"line":199,"column":16},"end":{"line":199,"column":null}},"line":199},"16":{"name":"(anonymous_16)","decl":{"start":{"line":203,"column":30},"end":{"line":203,"column":31}},"loc":{"start":{"line":204,"column":16},"end":{"line":206,"column":null}},"line":204},"17":{"name":"(anonymous_17)","decl":{"start":{"line":216,"column":24},"end":{"line":216,"column":25}},"loc":{"start":{"line":217,"column":16},"end":{"line":217,"column":null}},"line":217},"18":{"name":"(anonymous_18)","decl":{"start":{"line":230,"column":45},"end":{"line":230,"column":46}},"loc":{"start":{"line":230,"column":56},"end":{"line":237,"column":17}},"line":230},"19":{"name":"(anonymous_19)","decl":{"start":{"line":231,"column":52},"end":{"line":231,"column":53}},"loc":{"start":{"line":231,"column":59},"end":{"line":231,"column":73}},"line":231},"20":{"name":"(anonymous_20)","decl":{"start":{"line":247,"column":54},"end":{"line":247,"column":55}},"loc":{"start":{"line":247,"column":61},"end":{"line":247,"column":90}},"line":247},"21":{"name":"(anonymous_21)","decl":{"start":{"line":248,"column":52},"end":{"line":248,"column":53}},"loc":{"start":{"line":248,"column":59},"end":{"line":248,"column":86}},"line":248},"22":{"name":"(anonymous_22)","decl":{"start":{"line":249,"column":54},"end":{"line":249,"column":55}},"loc":{"start":{"line":249,"column":64},"end":{"line":249,"column":81}},"line":249},"23":{"name":"(anonymous_23)","decl":{"start":{"line":250,"column":50},"end":{"line":250,"column":55}},"loc":{"start":{"line":250,"column":55},"end":{"line":250,"column":82}},"line":250},"24":{"name":"(anonymous_24)","decl":{"start":{"line":260,"column":23},"end":{"line":260,"column":29}},"loc":{"start":{"line":260,"column":29},"end":{"line":260,"column":null}},"line":260},"25":{"name":"(anonymous_25)","decl":{"start":{"line":268,"column":23},"end":{"line":268,"column":29}},"loc":{"start":{"line":268,"column":29},"end":{"line":268,"column":null}},"line":268},"26":{"name":"(anonymous_26)","decl":{"start":{"line":276,"column":23},"end":{"line":276,"column":29}},"loc":{"start":{"line":276,"column":29},"end":{"line":276,"column":null}},"line":276},"27":{"name":"(anonymous_27)","decl":{"start":{"line":290,"column":24},"end":{"line":290,"column":25}},"loc":{"start":{"line":291,"column":16},"end":{"line":291,"column":null}},"line":291},"28":{"name":"(anonymous_28)","decl":{"start":{"line":301,"column":24},"end":{"line":301,"column":25}},"loc":{"start":{"line":302,"column":16},"end":{"line":302,"column":null}},"line":302},"29":{"name":"(anonymous_29)","decl":{"start":{"line":306,"column":32},"end":{"line":306,"column":33}},"loc":{"start":{"line":307,"column":16},"end":{"line":309,"column":null}},"line":307},"30":{"name":"(anonymous_30)","decl":{"start":{"line":321,"column":28},"end":{"line":321,"column":29}},"loc":{"start":{"line":322,"column":20},"end":{"line":325,"column":null}},"line":322},"31":{"name":"(anonymous_31)","decl":{"start":{"line":335,"column":28},"end":{"line":335,"column":29}},"loc":{"start":{"line":336,"column":20},"end":{"line":339,"column":null}},"line":336}},"branchMap":{"0":{"loc":{"start":{"line":41,"column":30},"end":{"line":43,"column":null}},"type":"cond-expr","locations":[{"start":{"line":42,"column":6},"end":{"line":42,"column":null}},{"start":{"line":43,"column":6},"end":{"line":43,"column":null}}],"line":41},"1":{"loc":{"start":{"line":45,"column":23},"end":{"line":47,"column":null}},"type":"cond-expr","locations":[{"start":{"line":46,"column":6},"end":{"line":46,"column":null}},{"start":{"line":47,"column":6},"end":{"line":47,"column":null}}],"line":45},"2":{"loc":{"start":{"line":49,"column":24},"end":{"line":51,"column":null}},"type":"cond-expr","locations":[{"start":{"line":50,"column":6},"end":{"line":50,"column":null}},{"start":{"line":51,"column":6},"end":{"line":51,"column":null}}],"line":49},"3":{"loc":{"start":{"line":53,"column":26},"end":{"line":55,"column":null}},"type":"cond-expr","locations":[{"start":{"line":54,"column":6},"end":{"line":54,"column":null}},{"start":{"line":55,"column":6},"end":{"line":55,"column":null}}],"line":53},"4":{"loc":{"start":{"line":57,"column":2},"end":{"line":63,"column":null}},"type":"if","locations":[{"start":{"line":57,"column":2},"end":{"line":63,"column":null}},{"start":{},"end":{}}],"line":57},"5":{"loc":{"start":{"line":57,"column":6},"end":{"line":57,"column":83}},"type":"binary-expr","locations":[{"start":{"line":57,"column":6},"end":{"line":57,"column":30}},{"start":{"line":57,"column":30},"end":{"line":57,"column":50}},{"start":{"line":57,"column":50},"end":{"line":57,"column":67}},{"start":{"line":57,"column":67},"end":{"line":57,"column":83}}],"line":57},"6":{"loc":{"start":{"line":65,"column":2},"end":{"line":124,"column":null}},"type":"if","locations":[{"start":{"line":65,"column":2},"end":{"line":124,"column":null}},{"start":{},"end":{}}],"line":65},"7":{"loc":{"start":{"line":95,"column":21},"end":{"line":95,"column":null}},"type":"binary-expr","locations":[{"start":{"line":95,"column":21},"end":{"line":95,"column":50}},{"start":{"line":95,"column":50},"end":{"line":95,"column":null}}],"line":95},"8":{"loc":{"start":{"line":98,"column":25},"end":{"line":98,"column":null}},"type":"binary-expr","locations":[{"start":{"line":98,"column":25},"end":{"line":98,"column":43}},{"start":{"line":98,"column":43},"end":{"line":98,"column":null}}],"line":98},"9":{"loc":{"start":{"line":126,"column":2},"end":{"line":178,"column":null}},"type":"if","locations":[{"start":{"line":126,"column":2},"end":{"line":178,"column":null}},{"start":{},"end":{}}],"line":126},"10":{"loc":{"start":{"line":171,"column":29},"end":{"line":171,"column":86}},"type":"binary-expr","locations":[{"start":{"line":171,"column":29},"end":{"line":171,"column":84}},{"start":{"line":171,"column":84},"end":{"line":171,"column":86}}],"line":171},"11":{"loc":{"start":{"line":180,"column":2},"end":{"line":244,"column":null}},"type":"if","locations":[{"start":{"line":180,"column":2},"end":{"line":244,"column":null}},{"start":{},"end":{}}],"line":180},"12":{"loc":{"start":{"line":227,"column":15},"end":{"line":237,"column":null}},"type":"cond-expr","locations":[{"start":{"line":228,"column":16},"end":{"line":228,"column":null}},{"start":{"line":230,"column":16},"end":{"line":237,"column":null}}],"line":227},"13":{"loc":{"start":{"line":232,"column":25},"end":{"line":236,"column":null}},"type":"cond-expr","locations":[{"start":{"line":233,"column":20},"end":{"line":235,"column":null}},{"start":{"line":236,"column":22},"end":{"line":236,"column":null}}],"line":232},"14":{"loc":{"start":{"line":234,"column":23},"end":{"line":234,"column":null}},"type":"binary-expr","locations":[{"start":{"line":234,"column":23},"end":{"line":234,"column":35}},{"start":{"line":234,"column":35},"end":{"line":234,"column":null}}],"line":234},"15":{"loc":{"start":{"line":246,"column":2},"end":{"line":355,"column":null}},"type":"if","locations":[{"start":{"line":246,"column":2},"end":{"line":355,"column":null}},{"start":{},"end":{}}],"line":246},"16":{"loc":{"start":{"line":320,"column":27},"end":{"line":320,"column":null}},"type":"binary-expr","locations":[{"start":{"line":320,"column":27},"end":{"line":320,"column":61}},{"start":{"line":320,"column":61},"end":{"line":320,"column":null}}],"line":320},"17":{"loc":{"start":{"line":324,"column":40},"end":{"line":324,"column":null}},"type":"cond-expr","locations":[{"start":{"line":324,"column":59},"end":{"line":324,"column":67}},{"start":{"line":324,"column":67},"end":{"line":324,"column":null}}],"line":324},"18":{"loc":{"start":{"line":334,"column":27},"end":{"line":334,"column":null}},"type":"binary-expr","locations":[{"start":{"line":334,"column":27},"end":{"line":334,"column":63}},{"start":{"line":334,"column":63},"end":{"line":334,"column":null}}],"line":334},"19":{"loc":{"start":{"line":338,"column":38},"end":{"line":338,"column":null}},"type":"cond-expr","locations":[{"start":{"line":338,"column":57},"end":{"line":338,"column":65}},{"start":{"line":338,"column":65},"end":{"line":338,"column":null}}],"line":338},"20":{"loc":{"start":{"line":349,"column":21},"end":{"line":349,"column":93}},"type":"binary-expr","locations":[{"start":{"line":349,"column":21},"end":{"line":349,"column":47}},{"start":{"line":349,"column":47},"end":{"line":349,"column":72}},{"start":{"line":349,"column":72},"end":{"line":349,"column":93}}],"line":349},"21":{"loc":{"start":{"line":350,"column":21},"end":{"line":350,"column":87}},"type":"binary-expr","locations":[{"start":{"line":350,"column":21},"end":{"line":350,"column":45}},{"start":{"line":350,"column":45},"end":{"line":350,"column":68}},{"start":{"line":350,"column":68},"end":{"line":350,"column":87}}],"line":350}},"s":{"0":1,"1":1,"2":1,"3":39,"4":39,"5":37,"6":39,"7":7,"8":39,"9":8,"10":39,"11":21,"12":39,"13":1,"14":38,"15":7,"16":2,"17":1,"18":2,"19":1,"20":31,"21":7,"22":2,"23":1,"24":1,"25":8,"26":9,"27":24,"28":8,"29":2,"30":1,"31":48,"32":1,"33":7,"34":7,"35":7,"36":16,"37":16,"38":20,"39":16,"40":28,"41":16,"42":17,"43":16,"44":21,"45":16,"46":16,"47":16,"48":1,"49":1,"50":2,"51":1,"52":1,"53":96,"54":1,"55":2,"56":0},"f":{"0":39,"1":37,"2":7,"3":8,"4":21,"5":2,"6":1,"7":2,"8":1,"9":2,"10":1,"11":1,"12":8,"13":9,"14":2,"15":1,"16":48,"17":1,"18":7,"19":7,"20":20,"21":28,"22":17,"23":21,"24":1,"25":1,"26":2,"27":1,"28":1,"29":96,"30":1,"31":2},"b":{"0":[22,17],"1":[7,32],"2":[8,31],"3":[16,23],"4":[1,38],"5":[39,32,16,9],"6":[7,31],"7":[7,0],"8":[2,1],"9":[7,24],"10":[8,0],"11":[8,16],"12":[1,7],"13":[7,0],"14":[7,0],"15":[16,0],"16":[16,12],"17":[1,0],"18":[16,16],"19":[2,0],"20":[16,0,0],"21":[16,0,0]},"meta":{"lastBranch":22,"lastFunction":32,"lastStatement":57,"seen":{"s:6:62:13:Infinity":0,"s:15:58:22:Infinity":1,"s:24:32:358:Infinity":2,"f:24:32:24:38":0,"s:39:2:39:Infinity":3,"s:41:30:43:Infinity":4,"b:42:6:42:Infinity:43:6:43:Infinity":0,"f:42:32:42:33":1,"s:42:39:42:62":5,"s:45:23:47:Infinity":6,"b:46:6:46:Infinity:47:6:47:Infinity":1,"f:46:25:46:26":2,"s:46:32:46:55":7,"s:49:24:51:Infinity":8,"b:50:6:50:Infinity:51:6:51:Infinity":2,"f:50:26:50:27":3,"s:50:33:50:56":9,"s:53:26:55:Infinity":10,"b:54:6:54:Infinity:55:6:55:Infinity":3,"f:54:28:54:29":4,"s:54:35:54:58":11,"b:57:2:63:Infinity:undefined:undefined:undefined:undefined":4,"s:57:2:63:Infinity":12,"b:57:6:57:30:57:30:57:50:57:50:57:67:57:67:57:83":5,"s:58:4:61:Infinity":13,"b:65:2:124:Infinity:undefined:undefined:undefined:undefined":6,"s:65:2:124:Infinity":14,"s:66:4:122:Infinity":15,"f:71:21:71:27":5,"s:71:27:71:Infinity":16,"f:84:24:84:25":6,"s:85:16:85:Infinity":17,"b:95:21:95:50:95:50:95:Infinity":7,"f:96:24:96:25":7,"s:97:16:99:Infinity":18,"b:98:25:98:43:98:43:98:Infinity":8,"f:110:24:110:25":8,"s:111:16:113:Infinity":19,"b:126:2:178:Infinity:undefined:undefined:undefined:undefined":9,"s:126:2:178:Infinity":20,"s:127:4:176:Infinity":21,"f:132:21:132:27":9,"s:132:27:132:Infinity":22,"f:144:24:144:25":10,"s:145:16:145:Infinity":23,"f:156:24:156:25":11,"s:157:16:157:Infinity":24,"f:171:21:171:22":12,"s:171:29:171:86":25,"b:171:29:171:84:171:84:171:86":10,"f:171:55:171:56":13,"s:171:62:171:73":26,"b:180:2:244:Infinity:undefined:undefined:undefined:undefined":11,"s:180:2:244:Infinity":27,"s:181:4:242:Infinity":28,"f:186:21:186:27":14,"s:186:27:186:Infinity":29,"f:198:24:198:25":15,"s:199:16:199:Infinity":30,"f:203:30:203:31":16,"s:204:16:206:Infinity":31,"f:216:24:216:25":17,"s:217:16:217:Infinity":32,"b:228:16:228:Infinity:230:16:237:Infinity":12,"f:230:45:230:46":18,"s:231:30:231:Infinity":33,"f:231:52:231:53":19,"s:231:59:231:73":34,"s:232:18:236:Infinity":35,"b:233:20:235:Infinity:236:22:236:Infinity":13,"b:234:23:234:35:234:35:234:Infinity":14,"b:246:2:355:Infinity:undefined:undefined:undefined:undefined":15,"s:246:2:355:Infinity":36,"s:247:28:247:Infinity":37,"f:247:54:247:55":20,"s:247:61:247:90":38,"s:248:26:248:Infinity":39,"f:248:52:248:53":21,"s:248:59:248:86":40,"s:249:27:249:Infinity":41,"f:249:54:249:55":22,"s:249:64:249:81":42,"s:250:25:250:Infinity":43,"f:250:50:250:55":23,"s:250:55:250:82":44,"s:251:20:251:Infinity":45,"s:252:19:252:Infinity":46,"s:254:4:353:Infinity":47,"f:260:23:260:29":24,"s:260:29:260:Infinity":48,"f:268:23:268:29":25,"s:268:29:268:Infinity":49,"f:276:23:276:29":26,"s:276:29:276:Infinity":50,"f:290:24:290:25":27,"s:291:16:291:Infinity":51,"f:301:24:301:25":28,"s:302:16:302:Infinity":52,"f:306:32:306:33":29,"s:307:16:309:Infinity":53,"b:320:27:320:61:320:61:320:Infinity":16,"f:321:28:321:29":30,"s:322:20:325:Infinity":54,"b:324:59:324:67:324:67:324:Infinity":17,"b:334:27:334:63:334:63:334:Infinity":18,"f:335:28:335:29":31,"s:336:20:339:Infinity":55,"b:338:57:338:65:338:65:338:Infinity":19,"b:349:21:349:47:349:47:349:72:349:72:349:93":20,"b:350:21:350:45:350:45:350:68:350:68:350:87":21,"s:357:2:357:Infinity":56}}}
,"/data/dev/aimermaid/src/webview/core/initAdapters.ts": {"path":"/data/dev/aimermaid/src/webview/core/initAdapters.ts","statementMap":{"0":{"start":{"line":11,"column":0},"end":{"line":11,"column":null}},"1":{"start":{"line":14,"column":0},"end":{"line":14,"column":null}},"2":{"start":{"line":17,"column":0},"end":{"line":17,"column":null}},"3":{"start":{"line":20,"column":0},"end":{"line":20,"column":null}}},"fnMap":{},"branchMap":{},"s":{"0":1,"1":1,"2":1,"3":1},"f":{},"b":{},"meta":{"lastBranch":0,"lastFunction":0,"lastStatement":4,"seen":{"s:11:0:11:Infinity":0,"s:14:0:14:Infinity":1,"s:17:0:17:Infinity":2,"s:20:0:20:Infinity":3}}}
,"/data/dev/aimermaid/src/webview/core/registry/DiagramRegistry.ts": {"path":"/data/dev/aimermaid/src/webview/core/registry/DiagramRegistry.ts","statementMap":{"0":{"start":{"line":4,"column":21},"end":{"line":4,"column":null}},"1":{"start":{"line":5,"column":37},"end":{"line":5,"column":null}},"2":{"start":{"line":8,"column":4},"end":{"line":8,"column":null}},"3":{"start":{"line":12,"column":4},"end":{"line":12,"column":null}},"4":{"start":{"line":16,"column":4},"end":{"line":16,"column":null}},"5":{"start":{"line":20,"column":4},"end":{"line":24,"column":null}},"6":{"start":{"line":21,"column":6},"end":{"line":23,"column":null}},"7":{"start":{"line":22,"column":8},"end":{"line":22,"column":null}},"8":{"start":{"line":25,"column":4},"end":{"line":25,"column":null}},"9":{"start":{"line":29,"column":4},"end":{"line":29,"column":null}},"10":{"start":{"line":33,"column":4},"end":{"line":33,"column":null}},"11":{"start":{"line":37,"column":31},"end":{"line":37,"column":null}}},"fnMap":{"0":{"name":"(anonymous_0)","decl":{"start":{"line":7,"column":2},"end":{"line":7,"column":39}},"loc":{"start":{"line":7,"column":73},"end":{"line":9,"column":null}},"line":7},"1":{"name":"(anonymous_1)","decl":{"start":{"line":11,"column":2},"end":{"line":11,"column":6}},"loc":{"start":{"line":11,"column":71},"end":{"line":13,"column":null}},"line":11},"2":{"name":"(anonymous_2)","decl":{"start":{"line":15,"column":2},"end":{"line":15,"column":15}},"loc":{"start":{"line":15,"column":68},"end":{"line":17,"column":null}},"line":15},"3":{"name":"(anonymous_3)","decl":{"start":{"line":19,"column":2},"end":{"line":19,"column":9}},"loc":{"start":{"line":19,"column":36},"end":{"line":26,"column":null}},"line":19},"4":{"name":"(anonymous_4)","decl":{"start":{"line":28,"column":2},"end":{"line":28,"column":31}},"loc":{"start":{"line":28,"column":31},"end":{"line":30,"column":null}},"line":28},"5":{"name":"(anonymous_5)","decl":{"start":{"line":32,"column":2},"end":{"line":32,"column":13}},"loc":{"start":{"line":32,"column":38},"end":{"line":34,"column":null}},"line":32}},"branchMap":{"0":{"loc":{"start":{"line":16,"column":11},"end":{"line":16,"column":null}},"type":"binary-expr","locations":[{"start":{"line":16,"column":11},"end":{"line":16,"column":38}},{"start":{"line":16,"column":38},"end":{"line":16,"column":null}}],"line":16},"1":{"loc":{"start":{"line":21,"column":6},"end":{"line":23,"column":null}},"type":"if","locations":[{"start":{"line":21,"column":6},"end":{"line":23,"column":null}},{"start":{},"end":{}}],"line":21}},"s":{"0":1,"1":1,"2":3,"3":4,"4":3,"5":5,"6":10,"7":4,"8":1,"9":3,"10":1,"11":1},"f":{"0":3,"1":4,"2":3,"3":5,"4":3,"5":1},"b":{"0":[3,2],"1":[4,6]},"meta":{"lastBranch":2,"lastFunction":6,"lastStatement":12,"seen":{"s:4:21:4:Infinity":0,"s:5:37:5:Infinity":1,"f:7:2:7:39":0,"s:8:4:8:Infinity":2,"f:11:2:11:6":1,"s:12:4:12:Infinity":3,"f:15:2:15:15":2,"s:16:4:16:Infinity":4,"b:16:11:16:38:16:38:16:Infinity":0,"f:19:2:19:9":3,"s:20:4:24:Infinity":5,"b:21:6:23:Infinity:undefined:undefined:undefined:undefined":1,"s:21:6:23:Infinity":6,"s:22:8:22:Infinity":7,"s:25:4:25:Infinity":8,"f:28:2:28:31":4,"s:29:4:29:Infinity":9,"f:32:2:32:13":5,"s:33:4:33:Infinity":10,"s:37:31:37:Infinity":11}}}
,"/data/dev/aimermaid/src/webview/diagrams/flowchart/adapter.ts": {"path":"/data/dev/aimermaid/src/webview/diagrams/flowchart/adapter.ts","statementMap":{"0":{"start":{"line":10,"column":35},"end":{"line":12,"column":null}},"1":{"start":{"line":11,"column":2},"end":{"line":11,"column":null}},"2":{"start":{"line":14,"column":41},"end":{"line":16,"column":null}},"3":{"start":{"line":15,"column":2},"end":{"line":15,"column":null}},"4":{"start":{"line":19,"column":24},"end":{"line":19,"column":null}},"5":{"start":{"line":21,"column":18},"end":{"line":21,"column":null}},"6":{"start":{"line":21,"column":49},"end":{"line":21,"column":58}},"7":{"start":{"line":23,"column":2},"end":{"line":41,"column":null}},"8":{"start":{"line":24,"column":4},"end":{"line":40,"column":null}},"9":{"start":{"line":43,"column":2},"end":{"line":83,"column":null}},"10":{"start":{"line":44,"column":20},"end":{"line":44,"column":null}},"11":{"start":{"line":45,"column":4},"end":{"line":58,"column":null}},"12":{"start":{"line":60,"column":4},"end":{"line":82,"column":null}},"13":{"start":{"line":61,"column":19},"end":{"line":61,"column":null}},"14":{"start":{"line":62,"column":6},"end":{"line":81,"column":null}},"15":{"start":{"line":63,"column":8},"end":{"line":80,"column":null}},"16":{"start":{"line":85,"column":2},"end":{"line":85,"column":null}},"17":{"start":{"line":89,"column":2},"end":{"line":100,"column":null}},"18":{"start":{"line":89,"column":38},"end":{"line":100,"column":4}},"19":{"start":{"line":103,"column":66},"end":{"line":138,"column":null}},"20":{"start":{"line":111,"column":22},"end":{"line":111,"column":null}},"21":{"start":{"line":112,"column":4},"end":{"line":112,"column":null}},"22":{"start":{"line":130,"column":29},"end":{"line":137,"column":null}}},"fnMap":{"0":{"name":"(anonymous_0)","decl":{"start":{"line":10,"column":35},"end":{"line":10,"column":41}},"loc":{"start":{"line":10,"column":41},"end":{"line":12,"column":null}},"line":10},"1":{"name":"(anonymous_1)","decl":{"start":{"line":14,"column":41},"end":{"line":14,"column":47}},"loc":{"start":{"line":14,"column":47},"end":{"line":16,"column":null}},"line":14},"2":{"name":"stateToNodes","decl":{"start":{"line":18,"column":9},"end":{"line":18,"column":22}},"loc":{"start":{"line":18,"column":57},"end":{"line":86,"column":null}},"line":18},"3":{"name":"(anonymous_3)","decl":{"start":{"line":21,"column":44},"end":{"line":21,"column":49}},"loc":{"start":{"line":21,"column":49},"end":{"line":21,"column":58}},"line":21},"4":{"name":"(anonymous_4)","decl":{"start":{"line":23,"column":24},"end":{"line":23,"column":25}},"loc":{"start":{"line":23,"column":34},"end":{"line":41,"column":3}},"line":23},"5":{"name":"(anonymous_5)","decl":{"start":{"line":43,"column":28},"end":{"line":43,"column":29}},"loc":{"start":{"line":43,"column":42},"end":{"line":83,"column":3}},"line":43},"6":{"name":"(anonymous_6)","decl":{"start":{"line":60,"column":20},"end":{"line":60,"column":21}},"loc":{"start":{"line":60,"column":32},"end":{"line":82,"column":5}},"line":60},"7":{"name":"stateToEdges","decl":{"start":{"line":88,"column":9},"end":{"line":88,"column":22}},"loc":{"start":{"line":88,"column":57},"end":{"line":101,"column":null}},"line":88},"8":{"name":"(anonymous_8)","decl":{"start":{"line":89,"column":27},"end":{"line":89,"column":28}},"loc":{"start":{"line":89,"column":38},"end":{"line":100,"column":4}},"line":89},"9":{"name":"(anonymous_9)","decl":{"start":{"line":110,"column":10},"end":{"line":110,"column":11}},"loc":{"start":{"line":110,"column":28},"end":{"line":113,"column":null}},"line":110},"10":{"name":"(anonymous_10)","decl":{"start":{"line":130,"column":22},"end":{"line":130,"column":29}},"loc":{"start":{"line":130,"column":29},"end":{"line":137,"column":null}},"line":130}},"branchMap":{"0":{"loc":{"start":{"line":36,"column":15},"end":{"line":36,"column":null}},"type":"binary-expr","locations":[{"start":{"line":36,"column":15},"end":{"line":36,"column":29}},{"start":{"line":36,"column":29},"end":{"line":36,"column":null}}],"line":36},"1":{"loc":{"start":{"line":37,"column":16},"end":{"line":37,"column":null}},"type":"binary-expr","locations":[{"start":{"line":37,"column":16},"end":{"line":37,"column":31}},{"start":{"line":37,"column":31},"end":{"line":37,"column":null}}],"line":37},"2":{"loc":{"start":{"line":44,"column":20},"end":{"line":44,"column":null}},"type":"binary-expr","locations":[{"start":{"line":44,"column":20},"end":{"line":44,"column":40}},{"start":{"line":44,"column":40},"end":{"line":44,"column":null}}],"line":44},"3":{"loc":{"start":{"line":48,"column":16},"end":{"line":48,"column":null}},"type":"binary-expr","locations":[{"start":{"line":48,"column":16},"end":{"line":48,"column":37}},{"start":{"line":48,"column":37},"end":{"line":48,"column":null}}],"line":48},"4":{"loc":{"start":{"line":54,"column":15},"end":{"line":54,"column":null}},"type":"binary-expr","locations":[{"start":{"line":54,"column":15},"end":{"line":54,"column":33}},{"start":{"line":54,"column":33},"end":{"line":54,"column":null}}],"line":54},"5":{"loc":{"start":{"line":55,"column":16},"end":{"line":55,"column":null}},"type":"binary-expr","locations":[{"start":{"line":55,"column":16},"end":{"line":55,"column":35}},{"start":{"line":55,"column":35},"end":{"line":55,"column":null}}],"line":55},"6":{"loc":{"start":{"line":62,"column":6},"end":{"line":81,"column":null}},"type":"if","locations":[{"start":{"line":62,"column":6},"end":{"line":81,"column":null}},{"start":{},"end":{}}],"line":62},"7":{"loc":{"start":{"line":76,"column":19},"end":{"line":76,"column":null}},"type":"binary-expr","locations":[{"start":{"line":76,"column":19},"end":{"line":76,"column":33}},{"start":{"line":76,"column":33},"end":{"line":76,"column":null}}],"line":76},"8":{"loc":{"start":{"line":77,"column":20},"end":{"line":77,"column":null}},"type":"binary-expr","locations":[{"start":{"line":77,"column":20},"end":{"line":77,"column":35}},{"start":{"line":77,"column":35},"end":{"line":77,"column":null}}],"line":77}},"s":{"0":2,"1":0,"2":2,"3":0,"4":4,"5":4,"6":12,"7":4,"8":12,"9":4,"10":2,"11":2,"12":2,"13":3,"14":3,"15":3,"16":4,"17":1,"18":4,"19":2,"20":9,"21":9,"22":1},"f":{"0":0,"1":0,"2":4,"3":12,"4":12,"5":2,"6":3,"7":1,"8":4,"9":9,"10":1},"b":{"0":[12,12],"1":[12,12],"2":[2,0],"3":[2,2],"4":[2,2],"5":[2,2],"6":[3,0],"7":[3,3],"8":[3,3]},"meta":{"lastBranch":9,"lastFunction":11,"lastStatement":23,"seen":{"s:10:35:12:Infinity":0,"f:10:35:10:41":0,"s:11:2:11:Infinity":1,"s:14:41:16:Infinity":2,"f:14:41:14:47":1,"s:15:2:15:Infinity":3,"f:18:9:18:22":2,"s:19:24:19:Infinity":4,"s:21:18:21:Infinity":5,"f:21:44:21:49":3,"s:21:49:21:58":6,"s:23:2:41:Infinity":7,"f:23:24:23:25":4,"s:24:4:40:Infinity":8,"b:36:15:36:29:36:29:36:Infinity":0,"b:37:16:37:31:37:31:37:Infinity":1,"s:43:2:83:Infinity":9,"f:43:28:43:29":5,"s:44:20:44:Infinity":10,"b:44:20:44:40:44:40:44:Infinity":2,"s:45:4:58:Infinity":11,"b:48:16:48:37:48:37:48:Infinity":3,"b:54:15:54:33:54:33:54:Infinity":4,"b:55:16:55:35:55:35:55:Infinity":5,"s:60:4:82:Infinity":12,"f:60:20:60:21":6,"s:61:19:61:Infinity":13,"b:62:6:81:Infinity:undefined:undefined:undefined:undefined":6,"s:62:6:81:Infinity":14,"s:63:8:80:Infinity":15,"b:76:19:76:33:76:33:76:Infinity":7,"b:77:20:77:35:77:35:77:Infinity":8,"s:85:2:85:Infinity":16,"f:88:9:88:22":7,"s:89:2:100:Infinity":17,"f:89:27:89:28":8,"s:89:38:100:4":18,"s:103:66:138:Infinity":19,"f:110:10:110:11":9,"s:111:22:111:Infinity":20,"s:112:4:112:Infinity":21,"f:130:22:130:29":10,"s:130:29:137:Infinity":22}}}
,"/data/dev/aimermaid/src/webview/diagrams/flowchart/store.ts": {"path":"/data/dev/aimermaid/src/webview/diagrams/flowchart/store.ts","statementMap":{"0":{"start":{"line":59,"column":2},"end":{"line":75,"column":null}},"1":{"start":{"line":59,"column":36},"end":{"line":75,"column":4}},"2":{"start":{"line":79,"column":2},"end":{"line":90,"column":null}},"3":{"start":{"line":79,"column":36},"end":{"line":90,"column":4}},"4":{"start":{"line":93,"column":13},"end":{"line":410,"column":null}},"5":{"start":{"line":93,"column":90},"end":{"line":410,"column":2}},"6":{"start":{"line":112,"column":4},"end":{"line":112,"column":null}},"7":{"start":{"line":113,"column":10},"end":{"line":113,"column":null}},"8":{"start":{"line":115,"column":4},"end":{"line":121,"column":null}},"9":{"start":{"line":125,"column":4},"end":{"line":125,"column":null}},"10":{"start":{"line":128,"column":23},"end":{"line":128,"column":null}},"11":{"start":{"line":131,"column":37},"end":{"line":131,"column":null}},"12":{"start":{"line":132,"column":4},"end":{"line":132,"column":null}},"13":{"start":{"line":134,"column":30},"end":{"line":139,"column":null}},"14":{"start":{"line":141,"column":23},"end":{"line":144,"column":null}},"15":{"start":{"line":146,"column":4},"end":{"line":149,"column":null}},"16":{"start":{"line":153,"column":37},"end":{"line":153,"column":null}},"17":{"start":{"line":154,"column":4},"end":{"line":154,"column":null}},"18":{"start":{"line":156,"column":23},"end":{"line":161,"column":null}},"19":{"start":{"line":159,"column":8},"end":{"line":159,"column":null}},"20":{"start":{"line":163,"column":4},"end":{"line":167,"column":null}},"21":{"start":{"line":171,"column":37},"end":{"line":171,"column":null}},"22":{"start":{"line":172,"column":4},"end":{"line":172,"column":null}},"23":{"start":{"line":174,"column":23},"end":{"line":178,"column":null}},"24":{"start":{"line":176,"column":39},"end":{"line":176,"column":50}},"25":{"start":{"line":177,"column":39},"end":{"line":177,"column":67}},"26":{"start":{"line":180,"column":4},"end":{"line":184,"column":null}},"27":{"start":{"line":188,"column":37},"end":{"line":188,"column":null}},"28":{"start":{"line":189,"column":4},"end":{"line":189,"column":null}},"29":{"start":{"line":191,"column":30},"end":{"line":197,"column":null}},"30":{"start":{"line":199,"column":23},"end":{"line":202,"column":null}},"31":{"start":{"line":204,"column":4},"end":{"line":2
[...]
mn":23},"end":{"line":228,"column":null}},"109":{"start":{"line":229,"column":25},"end":{"line":229,"column":null}},"110":{"start":{"line":231,"column":33},"end":{"line":243,"column":null}},"111":{"start":{"line":232,"column":4},"end":{"line":241,"column":null}},"112":{"start":{"line":233,"column":39},"end":{"line":238,"column":null}},"113":{"start":{"line":239,"column":6},"end":{"line":239,"column":null}},"114":{"start":{"line":240,"column":6},"end":{"line":240,"column":null}},"115":{"start":{"line":242,"column":4},"end":{"line":242,"column":null}},"116":{"start":{"line":245,"column":28},"end":{"line":251,"column":null}},"117":{"start":{"line":253,"column":10},"end":{"line":253,"column":null}},"118":{"start":{"line":254,"column":2},"end":{"line":298,"column":null}},"119":{"start":{"line":255,"column":17},"end":{"line":255,"column":null}},"120":{"start":{"line":257,"column":4},"end":{"line":260,"column":null}},"121":{"start":{"line":258,"column":6},"end":{"line":258,"column":null}},"122":{"start":{"line":259,"column":6},"end":{"line":259,"column":null}},"123":{"start":{"line":263,"column":29},"end":{"line":263,"column":null}},"124":{"start":{"line":264,"column":4},"end":{"line":273,"column":null}},"125":{"start":{"line":265,"column":37},"end":{"line":265,"column":null}},"126":{"start":{"line":266,"column":19},"end":{"line":266,"column":null}},"127":{"start":{"line":267,"column":26},"end":{"line":267,"column":null}},"128":{"start":{"line":268,"column":6},"end":{"line":270,"column":null}},"129":{"start":{"line":269,"column":8},"end":{"line":269,"column":null}},"130":{"start":{"line":271,"column":6},"end":{"line":271,"column":null}},"131":{"start":{"line":272,"column":6},"end":{"line":272,"column":null}},"132":{"start":{"line":276,"column":24},"end":{"line":276,"column":null}},"133":{"start":{"line":277,"column":4},"end":{"line":281,"column":null}},"134":{"start":{"line":278,"column":6},"end":{"line":278,"column":null}},"135":{"start":{"line":279,"column":6},"end":{"line":279,"column":null}},"136":{"start":{"line":280,"column":6},"end":{"line":280,"column":null}},"137":{"start":{"line":284,"column":16},"end":{"line":284,"column":null}},"138":{"start":{"line":285,"column":4},"end":{"line":288,"column":null}},"139":{"start":{"line":286,"column":6},"end":{"line":286,"column":null}},"140":{"start":{"line":287,"column":6},"end":{"line":287,"column":null}},"141":{"start":{"line":291,"column":17},"end":{"line":291,"column":null}},"142":{"start":{"line":292,"column":4},"end":{"line":295,"column":null}},"143":{"start":{"line":293,"column":6},"end":{"line":293,"column":null}},"144":{"start":{"line":294,"column":6},"end":{"line":294,"column":null}},"145":{"start":{"line":297,"column":4},"end":{"line":297,"column":null}},"146":{"start":{"line":301,"column":2},"end":{"line":301,"column":null}},"147":{"start":{"line":303,"column":2},"end":{"line":303,"column":null}}},"fnMap":{"0":{"name":"parseMessageLine","decl":{"start":{"line":29,"column":9},"end":{"line":29,"column":26}},"loc":{"start":{"line":29,"column":75},"end":{"line":51,"column":null}},"line":29},"1":{"name":"parseNoteLine","decl":{"start":{"line":53,"column":9},"end":{"line":53,"column":23}},"loc":{"start":{"line":53,"column":69},"end":{"line":74,"column":null}},"line":53},"2":{"name":"(anonymous_2)","decl":{"start":{"line":62,"column":58},"end":{"line":62,"column":59}},"loc":{"start":{"line":62,"column":65},"end":{"line":62,"column":73}},"line":62},"3":{"name":"(anonymous_3)","decl":{"start":{"line":63,"column":46},"end":{"line":63,"column":47}},"loc":{"start":{"line":63,"column":56},"end":{"line":63,"column":91}},"line":63},"4":{"name":"parseBlock","decl":{"start":{"line":76,"column":9},"end":{"line":76,"column":null}},"loc":{"start":{"line":80,"column":45},"end":{"line":183,"column":null}},"line":80},"5":{"name":"computeActivations","decl":{"start":{"line":185,"column":9},"end":{"line":185,"column":28}},"loc":{"start":{"line":185,"column":68},"end":{"line":214,"column":null}},"line":185},"6":{"name":"(anonymous_6)","decl":{"start":{"line":189,"column":52},"end":{"line":189,"column":53}},"loc":{"start":{"line":189,"column":62},"end":{"line":189,"column":79}},"line":189},"7":{"name":"parseMermaidSequence","decl":{"start":{"line":216,"column":16},"end":{"line":216,"column":37}},"loc":{"start":{"line":216,"column":68},"end":{"line":304,"column":null}},"line":216},"8":{"name":"(anonymous_8)","decl":{"start":{"line":217,"column":37},"end":{"line":217,"column":38}},"loc":{"start":{"line":217,"column":44},"end":{"line":217,"column":52}},"line":217},"9":{"name":"(anonymous_9)","decl":{"start":{"line":217,"column":61},"end":{"line":217,"column":62}},"loc":{"start":{"line":217,"column":68},"end":{"line":217,"column":91}},"line":217},"10":{"name":"(anonymous_10)","decl":{"start":{"line":231,"column":33},"end":{"line":231,"column":34}},"loc":{"start":{"line":231,"column":103},"end":{"line":243,"column":null}},"line":231}},"branchMap":{"0":{"loc":{"start":{"line":31,"column":2},"end":{"line":31,"column":null}},"type":"if","locations":[{"start":{"line":31,"column":2},"end":{"line":31,"column":null}},{"start":{},"end":{}}],"line":31},"1":{"loc":{"start":{"line":37,"column":32},"end":{"line":37,"column":null}},"type":"binary-expr","locations":[{"start":{"line":37,"column":32},"end":{"line":37,"column":81}},{"start":{"line":37,"column":81},"end":{"line":37,"column":null}}],"line":37},"2":{"loc":{"start":{"line":55,"column":2},"end":{"line":55,"column":null}},"type":"if","locations":[{"start":{"line":55,"column":2},"end":{"line":55,"column":null}},{"start":{},"end":{}}],"line":55},"3":{"loc":{"start":{"line":59,"column":2},"end":{"line":60,"column":null}},"type":"if","locations":[{"start":{"line":59,"column":2},"end":{"line":60,"column":null}},{"start":{"line":59,"column":44},"end":{"line":60,"column":null}}],"line":59},"4":{"loc":{"start":{"line":59,"column":44},"end":{"line":60,"column":null}},"type":"if","locations":[{"start":{"line":59,"column":44},"end":{"line":60,"column":null}},{"start":{},"end":{}}],"line":59},"5":{"loc":{"start":{"line":83,"column":2},"end":{"line":83,"column":null}},"type":"if","locations":[{"start":{"line":83,"column":2},"end":{"line":83,"column":null}},{"start":{},"end":{}}],"line":83},"6":{"loc":{"start":{"line":85,"column":20},"end":{"line":85,"column":30}},"type":"default-arg","locations":[{"start":{"line":85,"column":28},"end":{"line":85,"column":30}}],"line":85},"7":{"loc":{"start":{"line":87,"column":18},"end":{"line":87,"column":null}},"type":"cond-expr","locations":[{"start":{"line":87,"column":29},"end":{"line":87,"column":75}},{"start":{"line":87,"column":75},"end":{"line":87,"column":null}}],"line":87},"8":{"loc":{"start":{"line":102,"column":4},"end":{"line":105,"column":null}},"type":"if","locations":[{"start":{"line":102,"column":4},"end":{"line":105,"column":null}},{"start":{},"end":{}}],"line":102},"9":{"loc":{"start":{"line":108,"column":4},"end":{"line":153,"column":null}},"type":"if","locations":[{"start":{"line":108,"column":4},"end":{"line":153,"column":null}},{"start":{},"end":{}}],"line":108},"10":{"loc":{"start":{"line":108,"column":8},"end":{"line":108,"column":67}},"type":"binary-expr","locations":[{"start":{"line":108,"column":8},"end":{"line":108,"column":46}},{"start":{"line":108,"column":46},"end":{"line":108,"column":67}}],"line":108},"11":{"loc":{"start":{"line":110,"column":6},"end":{"line":152,"column":null}},"type":"if","locations":[{"start":{"line":110,"column":6},"end":{"line":152,"column":null}},{"start":{},"end":{}}],"line":110},"12":{"loc":{"start":{"line":111,"column":26},"end":{"line":111,"column":null}},"type":"binary-expr","locations":[{"start":{"line":111,"column":26},"end":{"line":111,"column":42}},{"start":{"line":111,"column":42},"end":{"line":111,"column":null}}],"line":111},"13":{"loc":{"start":{"line":121,"column":15},"end":{"line":121,"column":116}},"type":"binary-expr","locations":[{"start":{"line":121,"column":15},"end":{"line":121,"column":39}},{"start":{"line":121,"column":39},"end":{"line":121,"column":78}},{"start":{"line":121,"column":78},"end":{"line":121,"column":116}}],"line":121},"14":{"loc":{"start":{"line":126,"column":10},"end":{"line":130,"column":null}},"type":"if","locations":[{"start":{"line":126,"column":10},"end":{"line":130,"column":null}},{"start":{},"end":{}}],"line":126},"15":{"loc":{"start":{"line":134,"column":10},"end":{"line":138,"column":null}},"type":"if","locations":[{"start":{"line":134,"column":10},"end":{"line":138,"column":null}},{"start":{},"end":{}}],"line":134},"16":{"loc":{"start":{"line":142,"column":10},"end":{"line":146,"column":null}},"type":"if","locations":[{"start":{"line":142,"column":10},"end":{"line":146,"column":null}},{"start":{},"end":{}}],"line":142},"17":{"loc":{"start":{"line":157,"column":4},"end":{"line":161,"column":null}},"type":"if","locations":[{"start":{"line":157,"column":4},"end":{"line":161,"column":null}},{"start":{},"end":{}}],"line":157},"18":{"loc":{"start":{"line":165,"column":4},"end":{"line":169,"column":null}},"type":"if","locations":[{"start":{"line":165,"column":4},"end":{"line":169,"column":null}},{"start":{},"end":{}}],"line":165},"19":{"loc":{"start":{"line":173,"column":4},"end":{"line":177,"column":null}},"type":"if","locations":[{"start":{"line":173,"column":4},"end":{"line":177,"column":null}},{"start":{},"end":{}}],"line":173},"20":{"loc":{"start":{"line":192,"column":4},"end":{"line":196,"column":null}},"type":"if","locations":[{"start":{"line":192,"column":4},"end":{"line":196,"column":null}},{"start":{},"end":{}}],"line":192},"21":{"loc":{"start":{"line":193,"column":20},"end":{"line":193,"column":null}},"type":"binary-expr","locations":[{"start":{"line":193,"column":20},"end":{"line":193,"column":51}},{"start":{"line":193,"column":51},"end":{"line":193,"column":null}}],"line":193},"22":{"loc":{"start":{"line":198,"column":4},"end":{"line":210,"column":null}},"type":"if","locations":[{"start":{"line":198,"column":4},"end":{"line":210,"column":null}},{"start":{},"end":{}}],"line":198},"23":{"loc":{"start":{"line":200,"column":6},"end":{"line":209,"column":null}},"type":"if","locations":[{"start":{"line":200,"column":6},"end":{"line":209,"column":null}},{"start":{},"end":{}}],"line":200},"24":{"loc":{"start":{"line":200,"column":10},"end":{"line":200,"column":37}},"type":"binary-expr","locations":[{"start":{"line":200,"column":10},"end":{"line":200,"column":19}},{"start":{"line":200,"column":19},"end":{"line":200,"column":37}}],"line":200},"25":{"loc":{"start":{"line":217,"column":68},"end":{"line":217,"column":91}},"type":"binary-expr","locations":[{"start":{"line":217,"column":68},"end":{"line":217,"column":73}},{"start":{"line":217,"column":73},"end":{"line":217,"column":91}}],"line":217},"26":{"loc":{"start":{"line":231,"column":48},"end":{"line":231,"column":103}},"type":"default-arg","locations":[{"start":{"line":231,"column":72},"end":{"line":231,"column":103}}],"line":231},"27":{"loc":{"start":{"line":232,"column":4},"end":{"line":241,"column":null}},"type":"if","locations":[{"start":{"line":232,"column":4},"end":{"line":241,"column":null}},{"start":{},"end":{}}],"line":232},"28":{"loc":{"start":{"line":257,"column":4},"end":{"line":260,"column":null}},"type":"if","locations":[{"start":{"line":257,"column":4},"end":{"line":260,"column":null}},{"start":{},"end":{}}],"line":257},"29":{"loc":{"start":{"line":264,"column":4},"end":{"line":273,"column":null}},"type":"if","locations":[{"start":{"line":264,"column":4},"end":{"line":273,"column":null}},{"start":{},"end":{}}],"line":264},"30":{"loc":{"start":{"line":268,"column":6},"end":{"line":270,"column":null}},"type":"if","locations":[{"start":{"line":268,"column":6},"end":{"line":270,"column":null}},{"start":{},"end":{}}],"line":268},"31":{"loc":{"start":{"line":277,"column":4},"end":{"line":281,"column":null}},"type":"if","locations":[{"start":{"line":277,"column":4},"end":{"line":281,"column":null}},{"start":{},"end":{}}],"line":277},"32":{"loc":{"start":{"line":285,"column":4},"end":{"line":288,"column":null}},"type":"if","locations":[{"start":{"line":285,"column":4},"end":{"line":288,"column":null}},{"start":{},"end":{}}],"line":285},"33":{"loc":{"start":{"line":292,"column":4},"end":{"line":295,"column":null}},"type":"if","locations":[{"start":{"line":292,"column":4},"end":{"line":295,"column":null}},{"start":{},"end":{}}],"line":292}},"s":{"0":6,"1":6,"2":6,"3":6,"4":6,"5":4,"6":4,"7":0,"8":4,"9":4,"10":4,"11":4,"12":4,"13":4,"14":4,"15":0,"16":0,"17":0,"18":0,"19":0,"20":0,"21":0,"22":0,"23":0,"24":0,"25":0,"26":0,"27":0,"28":0,"29":0,"30":0,"31":4,"32":4,"33":4,"34":4,"35":0,"36":0,"37":0,"38":4,"39":4,"40":4,"41":0,"42":0,"43":0,"44":0,"45":0,"46":0,"47":0,"48":0,"49":0,"50":0,"51":0,"52":0,"53":0,"54":0,"55":0,"56":0,"57":0,"58":0,"59":0,"60":0,"61":0,"62":0,"63":0,"64":0,"65":0,"66":0,"67":0,"68":0,"69":0,"70":0,"71":0,"72":0,"73":0,"74":0,"75":0,"76":0,"77":0,"78":0,"79":0,"80":0,"81":0,"82":0,"83":0,"84":0,"85":0,"86":0,"87":0,"88":4,"89":4,"90":4,"91":0,"92":4,"93":4,"94":0,"95":0,"96":0,"97":4,"98":0,"99":0,"100":0,"101":0,"102":0,"103":4,"104":4,"105":16,"106":16,"107":4,"108":4,"109":4,"110":4,"111":16,"112":8,"113":8,"114":8,"115":16,"116":4,"117":4,"118":4,"119":16,"120":16,"121":4,"122":4,"123":12,"124":12,"125":8,"126":8,"127":8,"128":8,"129":0,"130":8,"131":8,"132":4,"133":4,"134":0,"135":0,"136":0,"137":4,"138":4,"139":4,"140":4,"141":0,"142":0,"143":0,"144":0,"145":0,"146":4,"147":4},"f":{"0":4,"1":0,"2":0,"3":0,"4":4,"5":4,"6":0,"7":4,"8":16,"9":16,"10":16},"b":{"0":[0,4],"1":[4,0],"2":[0,0],"3":[0,0],"4":[0,0],"5":[4,0],"6":[0],"7":[0,0],"8":[0,0],"9":[0,0],"10":[0,0],"11":[0,0],"12":[0,0],"13":[0,0,0],"14":[0,0],"15":[0,0],"16":[0,0],"17":[0,0],"18":[0,0],"19":[0,0],"20":[0,4],"21":[0,0],"22":[0,4],"23":[0,0],"24":[0,0],"25":[16,16],"26":[16],"27":[8,8],"28":[4,12],"29":[8,4],"30":[0,8],"31":[0,4],"32":[4,0],"33":[0,0]},"meta":{"lastBranch":34,"lastFunction":11,"lastStatement":148,"seen":{"s:15:26:15:Infinity":0,"s:16:25:16:Infinity":1,"s:17:24:17:Infinity":2,"s:18:22:18:Infinity":3,"s:19:19:19:Infinity":4,"f:29:9:29:26":0,"s:30:16:30:Infinity":5,"b:31:2:31:Infinity:undefined:undefined:undefined:undefined":0,"s:31:2:31:Infinity":6,"s:31:14:31:Infinity":7,"s:33:52:33:Infinity":8,"s:34:16:34:Infinity":9,"s:35:14:35:Infinity":10,"s:37:32:37:Infinity":11,"b:37:32:37:81:37:81:37:Infinity":1,"s:39:27:48:Infinity":12,"s:49:2:49:Infinity":13,"s:50:2:50:Infinity":14,"f:53:9:53:23":1,"s:54:16:54:Infinity":15,"b:55:2:55:Infinity:undefined:undefined:undefined:undefined":2,"s:55:2:55:Infinity":16,"s:55:14:55:Infinity":17,"s:57:49:57:Infinity":18,"s:58:31:58:Infinity":19,"b:59:2:60:Infinity:59:44:60:Infinity":3,"s:59:2:60:Infinity":20,"s:59:33:59:Infinity":21,"b:59:44:60:Infinity:undefined:undefined:undefined:undefined":4,"s:59:44:60:Infinity":22,"s:60:39:60:Infinity":23,"s:62:27:62:Infinity":24,"f:62:58:62:59":2,"s:62:65:62:73":25,"s:63:25:63:Infinity":26,"f:63:46:63:47":3,"s:63:56:63:91":27,"s:65:21:71:Infinity":28,"s:72:2:72:Infinity":29,"s:73:2:73:Infinity":30,"f:76:9:76:Infinity":4,"s:81:15:81:Infinity":31,"s:82:21:82:Infinity":32,"b:83:2:83:Infinity:undefined:undefined:undefined:undefined":5,"s:83:2:83:Infinity":33,"s:83:19:83:Infinity":34,"s:85:34:85:Infinity":35,"b:85:28:85:30":6,"s:86:20:86:Infinity":36,"s:87:18:87:Infinity":37,"b:87:29:87:75:87:75:87:Infinity":7,"s:89:23:95:Infinity":38,"s:97:10:97:Infinity":39,"s:98:2:180:Infinity":40,"s:99:24:99:Infinity":41,"b:102:4:105:Infinity:undefined:undefined:undefined:undefined":8,"s:102:4:105:Infinity":42,"s:103:6:103:Infinity":43,"s:104:6:104:Infinity":44,"b:108:4:153:Infinity:undefined:undefined:undefined:undefined":9,"s:108:4:153:Infinity":45,"b:108:8:108:46:108:46:108:67":10,"s:109:24:109:Infinity":46,"b:110:6:152:Infinity:undefined:undefined:undefined:undefined":11,"s:110:6:152:Infinity":47,"s:111:26:111:Infinity":48,"b:111:26:111:42:111:42:111:Infinity":12,"s:112:33:118:Infinity":49,"s:119:8:119:Infinity":50,"s:121:8:149:Infinity":51,"b:121:15:121:39:121:39:121:78:121:78:121:116":13,"s:122:27:122:Infinity":52,"s:125:31:125:Infinity":53,"b:126:10:130:Infinity:undefined:undefined:undefined:undefined":14,"s:126:10:130:Infinity":54,"s:127:12:127:Infinity":55,"s:128:12:128:Infinity":56,"s:129:12:129:Infinity":57,"s:133:22:133:Infinity":58,"b:134:10:138:Infinity:undefined:undefined:undefined:undefined":15,"s:134:10:138:Infinity":59,"s:135:12:135:Infinity":60,"s:136:12:136:Infinity":61,"s:137:12:137:Infinity":62,"s:141:23:141:Infinity":63,"b:142:10:146:Infinity:undefined:undefined:undefined:undefined":16,"s:142:10:146:Infinity":64,"s:143:12:143:Infinity":65,"s:144:12:144:Infinity":66,"s:145:12:145:Infinity":67,"s:148:10:148:Infinity":68,"s:150:8:150:Infinity":69,"s:151:8:151:Infinity":70,"s:156:25:156:Infinity":71,"b:157:4:161:Infinity:undefined:undefined:undefined:undefined":17,"s:157:4:161:Infinity":72,"s:158:6:158:Infinity":73,"s:159:6:159:Infinity":74,"s:160:6:160:Infinity":75,"s:164:16:164:Infinity":76,"b:165:4:169:Infinity:undefined:undefined:undefined:undefined":18,"s:165:4:169:Infinity":77,"s:166:6:166:Infinity":78,"s:167:6:167:Infinity":79,"s:168:6:168:Infinity":80,"s:172:17:172:Infinity":81,"b:173:4:177:Infinity:undefined:undefined:undefined:undefined":19,"s:173:4:177:Infinity":82,"s:174:6:174:Infinity":83,"s:175:6:175:Infinity":84,"s:176:6:176:Infinity":85,"s:179:4:179:Infinity":86,"s:182:2:182:Infinity":87,"f:185:9:185:28":5,"s:186:36:186:Infinity":88,"s:187:49:187:Infinity":89,"s:189:25:189:Infinity":90,"f:189:52:189:53":6,"s:189:62:189:79":91,"s:191:2:211:Infinity":92,"b:192:4:196:Infinity:undefined:undefined:undefined:undefined":20,"s:192:4:196:Infinity":93,"s:193:20:193:Infinity":94,"b:193:20:193:51:193:51:193:Infinity":21,"s:194:6:194:Infinity":95,"s:195:6:195:Infinity":96,"b:198:4:210:Infinity:undefined:undefined:undefined:undefined":22,"s:198:4:210:Infinity":97,"s:199:20:199:Infinity":98,"b:200:6:209:Infinity:undefined:undefined:undefined:undefined":23,"s:200:6:209:Infinity":99,"b:200:10:200:19:200:19:200:37":24,"s:201:27:201:Infinity":100,"s:202:8:207:Infinity":101,"s:208:8:208:Infinity":102,"s:213:2:213:Infinity":103,"f:216:16:216:37":7,"s:217:16:217:Infinity":104,"f:217:37:217:38":8,"s:217:44:217:52":105,"f:217:61:217:62":9,"s:217:68:217:91":106,"b:217:68:217:73:217:73:217:91":25,"s:219:35:226:Infinity":107,"s:228:23:228:Infinity":108,"s:229:25:229:Infinity":109,"s:231:33:243:Infinity":110,"f:231:33:231:34":10,"b:231:72:231:103":26,"b:232:4:241:Infinity:undefined:undefined:undefined:undefined":27,"s:232:4:241:Infinity":111,"s:233:39:238:Infinity":112,"s:239:6:239:Infinity":113,"s:240:6:240:Infinity":114,"s:242:4:242:Infinity":115,"s:245:28:251:Infinity":116,"s:253:10:253:Infinity":117,"s:254:2:298:Infinity":118,"s:255:17:255:Infinity":119,"b:257:4:260:Infinity:undefined:undefined:undefined:undefined":28,"s:257:4:260:Infinity":120,"s:258:6:258:Infinity":121,"s:259:6:259:Infinity":122,"s:263:29:263:Infinity":123,"b:264:4:273:Infinity:undefined:undefined:undefined:undefined":29,"s:264:4:273:Infinity":124,"s:265:37:265:Infinity":125,"s:266:19:266:Infinity":126,"s:267:26:267:Infinity":127,"b:268:6:270:Infinity:undefined:undefined:undefined:undefined":30,"s:268:6:270:Infinity":128,"s:269:8:269:Infinity":129,"s:271:6:271:Infinity":130,"s:272:6:272:Infinity":131,"s:276:24:276:Infinity":132,"b:277:4:281:Infinity:undefined:undefined:undefined:undefined":31,"s:277:4:281:Infinity":133,"s:278:6:278:Infinity":134,"s:279:6:279:Infinity":135,"s:280:6:280:Infinity":136,"s:284:16:284:Infinity":137,"b:285:4:288:Infinity:undefined:undefined:undefined:undefined":32,"s:285:4:288:Infinity":138,"s:286:6:286:Infinity":139,"s:287:6:287:Infinity":140,"s:291:17:291:Infinity":141,"b:292:4:295:Infinity:undefined:undefined:undefined:undefined":33,"s:292:4:295:Infinity":142,"s:293:6:293:Infinity":143,"s:294:6:294:Infinity":144,"s:297:4:297:Infinity":145,"s:301:2:301:Infinity":146,"s:303:2:303:Infinity":147}}}
}
